# Logfile created on 2019-11-29 00:58:48 -0400 by logger.rb/31641
D, [2019-11-29T00:58:48.969443 #52547] DEBUG -- : REQUESTING PAGE: GET / with {} and HTTP headers {}
D, [2019-11-29T00:58:49.184213 #52547] DEBUG -- : REQUESTING PAGE: GET / with {} and HTTP headers {}
D, [2019-11-29T00:58:49.187802 #52547] DEBUG -- : REQUESTING PAGE: POST /ingresar with {"monto"=>"100"} and HTTP headers {"HTTP_REFERER"=>"/"}
D, [2019-11-29T00:58:49.195347 #52547] DEBUG -- : REQUESTING PAGE: GET / with {} and HTTP headers {}
D, [2019-11-29T00:58:49.198665 #52547] DEBUG -- : REQUESTING PAGE: POST /ingresar with {"monto"=>"300"} and HTTP headers {"HTTP_REFERER"=>"/"}
D, [2019-11-29T00:58:49.203408 #52547] DEBUG -- : REQUESTING PAGE: POST /retirar with {"retiro"=>"100"} and HTTP headers {"HTTP_REFERER"=>"/ingresar"}
D, [2019-11-29T10:04:55.956936 #53863] DEBUG -- : REQUESTING PAGE: GET / with {} and HTTP headers {}
D, [2019-11-29T10:04:56.035463 #53863] DEBUG -- : REQUESTING PAGE: GET / with {} and HTTP headers {}
D, [2019-11-29T10:04:56.039629 #53863] DEBUG -- : REQUESTING PAGE: POST /ingresar with {"monto"=>"100"} and HTTP headers {"HTTP_REFERER"=>"/"}
D, [2019-11-29T10:04:56.046260 #53863] DEBUG -- : REQUESTING PAGE: GET / with {} and HTTP headers {}
D, [2019-11-29T10:04:56.049469 #53863] DEBUG -- : REQUESTING PAGE: POST /ingresar with {"monto"=>"300"} and HTTP headers {"HTTP_REFERER"=>"/"}
D, [2019-11-29T10:04:56.053508 #53863] DEBUG -- : REQUESTING PAGE: POST /retirar with {"retiro"=>"100"} and HTTP headers {"HTTP_REFERER"=>"/ingresar"}
D, [2019-11-29T10:29:07.639439 #54748] DEBUG -- : REQUESTING PAGE: GET / with {} and HTTP headers {}
D, [2019-11-29T10:29:07.719423 #54748] DEBUG -- : REQUESTING PAGE: GET / with {} and HTTP headers {}
D, [2019-11-29T10:29:07.725033 #54748] DEBUG -- : REQUESTING PAGE: POST /ingresar with {"monto"=>"100"} and HTTP headers {"HTTP_REFERER"=>"/"}
D, [2019-11-29T10:29:07.733362 #54748] DEBUG -- : REQUESTING PAGE: GET / with {} and HTTP headers {}
D, [2019-11-29T10:29:07.737356 #54748] DEBUG -- : REQUESTING PAGE: POST /ingresar with {"monto"=>"300"} and HTTP headers {"HTTP_REFERER"=>"/"}
D, [2019-11-29T10:29:07.748125 #54748] DEBUG -- : REQUESTING PAGE: POST /retirar with {"retiro"=>"100"} and HTTP headers {"HTTP_REFERER"=>"/ingresar"}
D, [2019-11-29T11:05:56.230394 #55254] DEBUG -- : REQUESTING PAGE: GET / with {} and HTTP headers {}
D, [2019-11-29T11:05:56.298677 #55254] DEBUG -- : REQUESTING PAGE: GET / with {} and HTTP headers {}
D, [2019-11-29T11:05:56.304246 #55254] DEBUG -- : REQUESTING PAGE: POST /ingresar with {"monto"=>"100"} and HTTP headers {"HTTP_REFERER"=>"/"}
D, [2019-11-29T11:05:56.312474 #55254] DEBUG -- : REQUESTING PAGE: GET / with {} and HTTP headers {}
D, [2019-11-29T11:05:56.315574 #55254] DEBUG -- : REQUESTING PAGE: POST /ingresar with {"monto"=>"300"} and HTTP headers {"HTTP_REFERER"=>"/"}
D, [2019-11-29T11:05:56.335784 #55254] DEBUG -- : REQUESTING PAGE: POST /retirar with {"retiro"=>"100"} and HTTP headers {"HTTP_REFERER"=>"/ingresar"}
D, [2019-11-29T11:06:29.446768 #55485] DEBUG -- : REQUESTING PAGE: GET / with {} and HTTP headers {}
D, [2019-11-29T11:06:29.525084 #55485] DEBUG -- : REQUESTING PAGE: GET / with {} and HTTP headers {}
D, [2019-11-29T11:06:29.528366 #55485] DEBUG -- : REQUESTING PAGE: POST /ingresar with {"monto"=>"100"} and HTTP headers {"HTTP_REFERER"=>"/"}
D, [2019-11-29T11:06:29.537031 #55485] DEBUG -- : REQUESTING PAGE: GET / with {} and HTTP headers {}
D, [2019-11-29T11:06:29.540493 #55485] DEBUG -- : REQUESTING PAGE: POST /ingresar with {"monto"=>"300"} and HTTP headers {"HTTP_REFERER"=>"/"}
D, [2019-11-29T11:06:29.544292 #55485] DEBUG -- : REQUESTING PAGE: POST /retirar with {"retiro"=>"100"} and HTTP headers {"HTTP_REFERER"=>"/ingresar"}
D, [2019-11-29T11:06:44.281223 #55621] DEBUG -- : REQUESTING PAGE: GET / with {} and HTTP headers {}
D, [2019-11-29T11:06:44.336833 #55621] DEBUG -- : REQUESTING PAGE: GET / with {} and HTTP headers {}
D, [2019-11-29T11:06:44.340570 #55621] DEBUG -- : REQUESTING PAGE: POST /ingresar with {"monto"=>"100"} and HTTP headers {"HTTP_REFERER"=>"/"}
D, [2019-11-29T11:06:44.348913 #55621] DEBUG -- : REQUESTING PAGE: GET / with {} and HTTP headers {}
D, [2019-11-29T11:06:44.351681 #55621] DEBUG -- : REQUESTING PAGE: POST /ingresar with {"monto"=>"300"} and HTTP headers {"HTTP_REFERER"=>"/"}
D, [2019-11-29T11:06:44.354087 #55621] DEBUG -- : REQUESTING PAGE: POST /retirar with {"retiro"=>"100"} and HTTP headers {"HTTP_REFERER"=>"/ingresar"}
D, [2019-12-04T15:41:49.287490 #1848] DEBUG -- : REQUESTING PAGE: GET / with {} and HTTP headers {}
D, [2019-12-12T06:09:37.545205 #14908] DEBUG -- : REQUESTING PAGE: GET / with {} and HTTP headers {}
D, [2019-12-12T06:09:37.811896 #14908] DEBUG -- : REQUESTING PAGE: GET /num_autos with {} and HTTP headers {}
D, [2019-12-12T09:24:16.039072 #1152] DEBUG -- : REQUESTING PAGE: GET / with {} and HTTP headers {}
D, [2019-12-12T09:24:16.249139 #1152] DEBUG -- : REQUESTING PAGE: GET /num_autos with {} and HTTP headers {}
D, [2019-12-12T09:26:18.016597 #16088] DEBUG -- : REQUESTING PAGE: GET / with {} and HTTP headers {}
D, [2019-12-12T09:26:18.111015 #16088] DEBUG -- : REQUESTING PAGE: GET /num_autos with {} and HTTP headers {}
D, [2019-12-12T09:26:47.203504 #15328] DEBUG -- : REQUESTING PAGE: GET / with {} and HTTP headers {}
D, [2019-12-12T09:26:47.343753 #15328] DEBUG -- : REQUESTING PAGE: GET /num_autos with {} and HTTP headers {}
D, [2019-12-12T09:27:59.153566 #16512] DEBUG -- : REQUESTING PAGE: GET / with {} and HTTP headers {}
D, [2019-12-12T09:27:59.287409 #16512] DEBUG -- : REQUESTING PAGE: GET /num_autos with {} and HTTP headers {}
D, [2019-12-12T09:28:23.941958 #8868] DEBUG -- : REQUESTING PAGE: GET / with {} and HTTP headers {}
D, [2019-12-12T09:28:24.065939 #8868] DEBUG -- : REQUESTING PAGE: GET /num_autos with {} and HTTP headers {}
D, [2019-12-12T09:29:06.435923 #6500] DEBUG -- : REQUESTING PAGE: GET / with {} and HTTP headers {}
D, [2019-12-12T09:29:06.535788 #6500] DEBUG -- : REQUESTING PAGE: GET /num_autos with {} and HTTP headers {}
D, [2019-12-12T09:29:28.773995 #12056] DEBUG -- : REQUESTING PAGE: GET / with {} and HTTP headers {}
D, [2019-12-12T09:29:28.937485 #12056] DEBUG -- : REQUESTING PAGE: GET /num_autos with {} and HTTP headers {}
D, [2019-12-12T09:29:56.150789 #716] DEBUG -- : REQUESTING PAGE: GET / with {} and HTTP headers {}
D, [2019-12-12T09:29:56.252568 #716] DEBUG -- : REQUESTING PAGE: GET /num_autos with {} and HTTP headers {}
D, [2019-12-12T11:53:05.556872 #19140] DEBUG -- : REQUESTING PAGE: GET / with {} and HTTP headers {}
D, [2019-12-12T11:53:05.786565 #19140] DEBUG -- : REQUESTING PAGE: GET /num_autos with {} and HTTP headers {}
D, [2019-12-12T11:55:02.789244 #724] DEBUG -- : REQUESTING PAGE: GET / with {} and HTTP headers {}
D, [2019-12-12T11:55:02.897440 #724] DEBUG -- : REQUESTING PAGE: GET /num_autos with {} and HTTP headers {}
D, [2019-12-12T12:13:47.036459 #9432] DEBUG -- : REQUESTING PAGE: GET / with {} and HTTP headers {}
D, [2019-12-12T12:13:47.137306 #9432] DEBUG -- : REQUESTING PAGE: GET /num_autos with {} and HTTP headers {}
D, [2019-12-12T12:14:03.065685 #1380] DEBUG -- : REQUESTING PAGE: GET / with {} and HTTP headers {}
D, [2019-12-12T12:14:03.206138 #1380] DEBUG -- : REQUESTING PAGE: GET /num_autos with {} and HTTP headers {}
D, [2019-12-12T12:31:22.748494 #2824] DEBUG -- : REQUESTING PAGE: GET / with {} and HTTP headers {}
D, [2019-12-12T12:31:22.860623 #2824] DEBUG -- : REQUESTING PAGE: GET /num_autos with {} and HTTP headers {}
D, [2019-12-12T12:31:35.987510 #9336] DEBUG -- : REQUESTING PAGE: GET / with {} and HTTP headers {}
D, [2019-12-12T12:31:36.100167 #9336] DEBUG -- : REQUESTING PAGE: GET /num_autos with {} and HTTP headers {}
D, [2019-12-12T13:13:03.569978 #11900] DEBUG -- : REQUESTING PAGE: GET / with {} and HTTP headers {}
D, [2019-12-12T13:13:03.992901 #11900] DEBUG -- : REQUESTING PAGE: GET /num_autos with {} and HTTP headers {}
D, [2019-12-12T13:13:37.166853 #11864] DEBUG -- : REQUESTING PAGE: GET / with {} and HTTP headers {}
D, [2019-12-12T13:13:37.268556 #11864] DEBUG -- : REQUESTING PAGE: GET /num_autos with {} and HTTP headers {}
D, [2019-12-12T13:13:52.413172 #14084] DEBUG -- : REQUESTING PAGE: GET / with {} and HTTP headers {}
D, [2019-12-12T13:13:52.525605 #14084] DEBUG -- : REQUESTING PAGE: GET /num_autos with {} and HTTP headers {}
D, [2019-12-12T13:14:36.651207 #9476] DEBUG -- : REQUESTING PAGE: GET / with {} and HTTP headers {}
D, [2019-12-12T13:14:36.760266 #9476] DEBUG -- : REQUESTING PAGE: GET /num_autos with {} and HTTP headers {}
D, [2019-12-12T13:17:28.562480 #18420] DEBUG -- : REQUESTING PAGE: GET / with {} and HTTP headers {}
D, [2019-12-12T13:17:28.711631 #18420] DEBUG -- : REQUESTING PAGE: GET /num_autos with {} and HTTP headers {}
D, [2019-12-12T13:18:10.251551 #16360] DEBUG -- : REQUESTING PAGE: GET / with {} and HTTP headers {}
D, [2019-12-12T13:18:10.341208 #16360] DEBUG -- : REQUESTING PAGE: GET /num_autos with {} and HTTP headers {}
D, [2019-12-12T13:20:31.342970 #12072] DEBUG -- : REQUESTING PAGE: GET / with {} and HTTP headers {}
D, [2019-12-12T13:20:31.533745 #12072] DEBUG -- : REQUESTING PAGE: GET /num_autos with {} and HTTP headers {}
D, [2019-12-12T13:24:09.139389 #5280] DEBUG -- : REQUESTING PAGE: GET / with {} and HTTP headers {}
D, [2019-12-12T13:24:09.240822 #5280] DEBUG -- : REQUESTING PAGE: GET /num_autos with {} and HTTP headers {}
D, [2019-12-12T13:25:11.881825 #17976] DEBUG -- : REQUESTING PAGE: GET / with {} and HTTP headers {}
D, [2019-12-12T13:25:11.974352 #17976] DEBUG -- : REQUESTING PAGE: GET /num_autos with {} and HTTP headers {}
D, [2019-12-12T13:26:43.815233 #6612] DEBUG -- : REQUESTING PAGE: GET / with {} and HTTP headers {}
D, [2019-12-12T13:26:43.909839 #6612] DEBUG -- : REQUESTING PAGE: GET /num_autos with {} and HTTP headers {}
D, [2019-12-12T13:26:57.676949 #7956] DEBUG -- : REQUESTING PAGE: GET / with {} and HTTP headers {}
D, [2019-12-12T13:26:57.774036 #7956] DEBUG -- : REQUESTING PAGE: GET /num_autos with {} and HTTP headers {}
D, [2019-12-12T13:29:06.819154 #13724] DEBUG -- : REQUESTING PAGE: GET / with {} and HTTP headers {}
D, [2019-12-12T13:29:06.911082 #13724] DEBUG -- : REQUESTING PAGE: GET /num_autos with {} and HTTP headers {}
D, [2019-12-12T13:30:09.492723 #16392] DEBUG -- : REQUESTING PAGE: GET / with {} and HTTP headers {}
D, [2019-12-12T13:30:09.589682 #16392] DEBUG -- : REQUESTING PAGE: GET /num_autos with {} and HTTP headers {}
D, [2019-12-12T13:30:36.366683 #17676] DEBUG -- : REQUESTING PAGE: GET / with {} and HTTP headers {}
D, [2019-12-12T13:30:36.467870 #17676] DEBUG -- : REQUESTING PAGE: GET /num_autos with {} and HTTP headers {}
D, [2019-12-12T13:33:18.157239 #13120] DEBUG -- : REQUESTING PAGE: GET / with {} and HTTP headers {}
D, [2019-12-12T13:33:18.288659 #13120] DEBUG -- : REQUESTING PAGE: GET /num_autos with {} and HTTP headers {}
D, [2019-12-12T13:35:38.853554 #20436] DEBUG -- : REQUESTING PAGE: GET / with {} and HTTP headers {}
D, [2019-12-12T13:35:38.943821 #20436] DEBUG -- : REQUESTING PAGE: GET /num_autos with {} and HTTP headers {}
D, [2019-12-12T20:46:03.163230 #19080] DEBUG -- : REQUESTING PAGE: GET / with {} and HTTP headers {}
D, [2019-12-12T20:46:03.640213 #19080] DEBUG -- : REQUESTING PAGE: GET /num_autos with {} and HTTP headers {}
D, [2019-12-12T20:46:57.507551 #6116] DEBUG -- : REQUESTING PAGE: GET / with {} and HTTP headers {}
D, [2019-12-12T20:46:57.616965 #6116] DEBUG -- : REQUESTING PAGE: GET /num_autos with {} and HTTP headers {}
D, [2019-12-12T20:47:09.479221 #14292] DEBUG -- : REQUESTING PAGE: GET / with {} and HTTP headers {}
D, [2019-12-12T20:47:09.627872 #14292] DEBUG -- : REQUESTING PAGE: GET /num_autos with {} and HTTP headers {}
D, [2019-12-12T20:47:39.072099 #7060] DEBUG -- : REQUESTING PAGE: GET / with {} and HTTP headers {}
D, [2019-12-12T20:47:39.188269 #7060] DEBUG -- : REQUESTING PAGE: GET /num_autos with {} and HTTP headers {}
D, [2019-12-12T20:49:50.878605 #12576] DEBUG -- : REQUESTING PAGE: GET / with {} and HTTP headers {}
D, [2019-12-12T20:49:50.988592 #12576] DEBUG -- : REQUESTING PAGE: GET /num_autos with {} and HTTP headers {}
D, [2019-12-13T05:25:04.874314 #16736] DEBUG -- : REQUESTING PAGE: GET / with {} and HTTP headers {}
D, [2019-12-13T05:25:04.991160 #16736] DEBUG -- : REQUESTING PAGE: GET /num_autos with {} and HTTP headers {}
D, [2019-12-13T05:26:02.621911 #20436] DEBUG -- : REQUESTING PAGE: GET / with {} and HTTP headers {}
D, [2019-12-13T05:26:02.726233 #20436] DEBUG -- : REQUESTING PAGE: GET /num_autos with {} and HTTP headers {}
D, [2019-12-13T05:26:24.635256 #11812] DEBUG -- : REQUESTING PAGE: GET / with {} and HTTP headers {}
D, [2019-12-13T05:26:24.797822 #11812] DEBUG -- : REQUESTING PAGE: GET /num_autos with {} and HTTP headers {}
D, [2020-06-07T17:04:22.303736 #14680] DEBUG -- : REQUESTING PAGE: GET / with {} and HTTP headers {}
D, [2020-06-07T17:04:22.969475 #14680] DEBUG -- : REQUESTING PAGE: GET /num_autos with {} and HTTP headers {}
D, [2020-06-07T17:21:10.625338 #16788] DEBUG -- : REQUESTING PAGE: GET / with {} and HTTP headers {}
D, [2020-06-07T17:21:11.074925 #16788] DEBUG -- : REQUESTING PAGE: GET /num_autos with {} and HTTP headers {}
D, [2020-06-07T17:24:05.481291 #6576] DEBUG -- : REQUESTING PAGE: GET / with {} and HTTP headers {}
D, [2020-06-07T17:24:06.040484 #6576] DEBUG -- : REQUESTING PAGE: GET /num_autos with {} and HTTP headers {}
D, [2020-06-07T17:24:52.181254 #12576] DEBUG -- : REQUESTING PAGE: GET / with {} and HTTP headers {}
D, [2020-06-07T17:24:52.450229 #12576] DEBUG -- : REQUESTING PAGE: GET /num_autos with {} and HTTP headers {}
D, [2020-06-07T17:31:16.263794 #13676] DEBUG -- : REQUESTING PAGE: GET / with {} and HTTP headers {}
D, [2020-06-07T17:33:40.702409 #2588] DEBUG -- : REQUESTING PAGE: GET / with {} and HTTP headers {}
D, [2020-06-07T17:33:41.047952 #2588] DEBUG -- : REQUESTING PAGE: GET / with {} and HTTP headers {}
D, [2020-06-07T17:36:19.757237 #3936] DEBUG -- : REQUESTING PAGE: GET / with {} and HTTP headers {}
D, [2020-06-07T17:36:20.068128 #3936] DEBUG -- : REQUESTING PAGE: GET / with {} and HTTP headers {}
D, [2020-06-07T17:38:07.559649 #12208] DEBUG -- : REQUESTING PAGE: GET / with {} and HTTP headers {}
D, [2020-06-07T17:38:07.829575 #12208] DEBUG -- : REQUESTING PAGE: GET / with {} and HTTP headers {}
D, [2020-06-07T17:38:29.620344 #10948] DEBUG -- : REQUESTING PAGE: GET / with {} and HTTP headers {}
D, [2020-06-07T17:38:29.891660 #10948] DEBUG -- : REQUESTING PAGE: GET / with {} and HTTP headers {}
D, [2020-06-07T17:39:18.262407 #9876] DEBUG -- : REQUESTING PAGE: GET / with {} and HTTP headers {}
D, [2020-06-07T17:39:18.544120 #9876] DEBUG -- : REQUESTING PAGE: GET / with {} and HTTP headers {}
D, [2020-06-07T17:40:03.306385 #15396] DEBUG -- : REQUESTING PAGE: GET / with {} and HTTP headers {}
D, [2020-06-07T17:40:03.635981 #15396] DEBUG -- : REQUESTING PAGE: GET / with {} and HTTP headers {}
D, [2020-06-07T17:40:25.197730 #9240] DEBUG -- : REQUESTING PAGE: GET / with {} and HTTP headers {}
D, [2020-06-07T17:40:25.482927 #9240] DEBUG -- : REQUESTING PAGE: GET / with {} and HTTP headers {}
D, [2020-06-07T17:41:10.934845 #1652] DEBUG -- : REQUESTING PAGE: GET / with {} and HTTP headers {}
D, [2020-06-07T17:41:11.314833 #1652] DEBUG -- : REQUESTING PAGE: GET / with {} and HTTP headers {}
D, [2020-06-07T17:41:48.872411 #8260] DEBUG -- : REQUESTING PAGE: GET / with {} and HTTP headers {}
D, [2020-06-07T17:41:49.545283 #8260] DEBUG -- : REQUESTING PAGE: GET / with {} and HTTP headers {}
D, [2020-06-07T17:42:09.963867 #17092] DEBUG -- : REQUESTING PAGE: GET / with {} and HTTP headers {}
D, [2020-06-07T17:42:10.347849 #17092] DEBUG -- : REQUESTING PAGE: GET / with {} and HTTP headers {}
D, [2020-06-07T17:44:32.607669 #16016] DEBUG -- : REQUESTING PAGE: GET / with {} and HTTP headers {}
D, [2020-06-07T17:44:32.992601 #16016] DEBUG -- : REQUESTING PAGE: GET / with {} and HTTP headers {}
D, [2020-06-07T17:45:02.953722 #12748] DEBUG -- : REQUESTING PAGE: GET / with {} and HTTP headers {}
D, [2020-06-07T17:45:03.339295 #12748] DEBUG -- : REQUESTING PAGE: GET / with {} and HTTP headers {}
D, [2020-06-07T17:45:35.771270 #13996] DEBUG -- : REQUESTING PAGE: GET / with {} and HTTP headers {}
D, [2020-06-07T17:45:36.188517 #13996] DEBUG -- : REQUESTING PAGE: GET / with {} and HTTP headers {}
D, [2020-06-07T17:45:36.202619 #13996] DEBUG -- : REQUESTING PAGE: GET /saludar with {} and HTTP headers {"HTTP_REFERER"=>"/"}
D, [2020-06-07T17:51:54.584707 #14760] DEBUG -- : REQUESTING PAGE: GET / with {} and HTTP headers {}
D, [2020-06-07T17:51:54.972257 #14760] DEBUG -- : REQUESTING PAGE: GET / with {} and HTTP headers {}
D, [2020-06-07T17:51:54.985641 #14760] DEBUG -- : REQUESTING PAGE: GET /saludar with {} and HTTP headers {"HTTP_REFERER"=>"/"}
D, [2020-06-07T17:53:34.257590 #5784] DEBUG -- : REQUESTING PAGE: GET / with {} and HTTP headers {}
D, [2020-06-07T17:53:34.631418 #5784] DEBUG -- : REQUESTING PAGE: GET / with {} and HTTP headers {}
D, [2020-06-07T17:53:34.652279 #5784] DEBUG -- : REQUESTING PAGE: GET /saludar with {} and HTTP headers {"HTTP_REFERER"=>"/"}
D, [2020-06-07T17:59:18.254003 #3408] DEBUG -- : REQUESTING PAGE: GET / with {} and HTTP headers {}
D, [2020-06-07T17:59:18.933702 #3408] DEBUG -- : REQUESTING PAGE: GET / with {} and HTTP headers {}
D, [2020-06-07T17:59:18.954951 #3408] DEBUG -- : REQUESTING PAGE: GET /saludar with {} and HTTP headers {"HTTP_REFERER"=>"/"}
D, [2020-06-07T18:00:18.913629 #7296] DEBUG -- : REQUESTING PAGE: GET / with {} and HTTP headers {}
D, [2020-06-07T18:00:19.398626 #7296] DEBUG -- : REQUESTING PAGE: GET / with {} and HTTP headers {}
D, [2020-06-07T18:00:19.413678 #7296] DEBUG -- : REQUESTING PAGE: GET /saludar with {} and HTTP headers {"HTTP_REFERER"=>"/"}
D, [2020-06-07T18:01:27.253458 #13424] DEBUG -- : REQUESTING PAGE: GET / with {} and HTTP headers {}
D, [2020-06-07T18:01:27.694156 #13424] DEBUG -- : REQUESTING PAGE: GET / with {} and HTTP headers {}
D, [2020-06-07T18:01:27.711624 #13424] DEBUG -- : REQUESTING PAGE: GET /saludar with {} and HTTP headers {"HTTP_REFERER"=>"/"}
D, [2020-06-07T18:02:00.548362 #14300] DEBUG -- : REQUESTING PAGE: GET / with {} and HTTP headers {}
D, [2020-06-07T18:02:01.085023 #14300] DEBUG -- : REQUESTING PAGE: GET / with {} and HTTP headers {}
D, [2020-06-07T18:02:01.107686 #14300] DEBUG -- : REQUESTING PAGE: GET /saludar with {} and HTTP headers {"HTTP_REFERER"=>"/"}
D, [2020-06-07T18:02:23.015349 #11008] DEBUG -- : REQUESTING PAGE: GET / with {} and HTTP headers {}
D, [2020-06-07T18:02:23.483900 #11008] DEBUG -- : REQUESTING PAGE: GET / with {} and HTTP headers {}
D, [2020-06-07T18:02:23.501988 #11008] DEBUG -- : REQUESTING PAGE: GET /saludar with {} and HTTP headers {"HTTP_REFERER"=>"/"}
D, [2020-06-07T18:03:33.509629 #12660] DEBUG -- : REQUESTING PAGE: GET / with {} and HTTP headers {}
D, [2020-06-07T18:03:33.958551 #12660] DEBUG -- : REQUESTING PAGE: GET / with {} and HTTP headers {}
D, [2020-06-07T18:03:33.977728 #12660] DEBUG -- : REQUESTING PAGE: GET /saludar with {} and HTTP headers {"HTTP_REFERER"=>"/"}
D, [2020-06-07T18:04:21.263930 #11424] DEBUG -- : REQUESTING PAGE: GET / with {} and HTTP headers {}
D, [2020-06-07T18:04:21.780842 #11424] DEBUG -- : REQUESTING PAGE: GET / with {} and HTTP headers {}
D, [2020-06-07T18:04:51.431609 #12340] DEBUG -- : REQUESTING PAGE: GET / with {} and HTTP headers {}
D, [2020-06-07T18:04:51.932360 #12340] DEBUG -- : REQUESTING PAGE: GET / with {} and HTTP headers {}
D, [2020-06-07T18:05:15.773328 #13212] DEBUG -- : REQUESTING PAGE: GET / with {} and HTTP headers {}
D, [2020-06-07T18:05:16.172770 #13212] DEBUG -- : REQUESTING PAGE: GET / with {} and HTTP headers {}
D, [2020-06-07T18:05:16.190581 #13212] DEBUG -- : REQUESTING PAGE: GET /saludar with {"nombre"=>"mi_nombre"} and HTTP headers {"HTTP_REFERER"=>"/"}
D, [2020-06-07T18:05:16.200266 #13212] DEBUG -- : REQUESTING PAGE: GET /saludar with {} and HTTP headers {"HTTP_REFERER"=>"/saludar"}
D, [2020-06-07T18:06:41.806417 #10544] DEBUG -- : REQUESTING PAGE: GET / with {} and HTTP headers {}
D, [2020-06-07T18:06:42.199596 #10544] DEBUG -- : REQUESTING PAGE: GET / with {} and HTTP headers {}
D, [2020-06-07T18:06:42.217238 #10544] DEBUG -- : REQUESTING PAGE: GET /saludar with {"nombre"=>"mi_nombre"} and HTTP headers {"HTTP_REFERER"=>"/"}
D, [2020-06-15T18:51:08.002406 #18064] DEBUG -- : REQUESTING PAGE: GET / with {} and HTTP headers {}
D, [2020-06-15T18:51:09.793479 #18064] DEBUG -- : REQUESTING PAGE: GET / with {} and HTTP headers {}
D, [2020-06-15T18:53:42.176071 #21296] DEBUG -- : REQUESTING PAGE: GET / with {} and HTTP headers {}
D, [2020-06-15T18:53:42.940755 #21296] DEBUG -- : REQUESTING PAGE: GET / with {} and HTTP headers {}
D, [2020-06-15T19:49:14.058771 #15528] DEBUG -- : REQUESTING PAGE: GET / with {} and HTTP headers {}
D, [2020-06-15T19:49:14.854605 #15528] DEBUG -- : REQUESTING PAGE: GET / with {} and HTTP headers {}
D, [2020-06-15T21:42:35.693293 #15352] DEBUG -- : REQUESTING PAGE: GET / with {} and HTTP headers {}
D, [2020-06-15T21:42:36.038305 #15352] DEBUG -- : REQUESTING PAGE: POST / with {"nombre"=>"mi_nombre"} and HTTP headers {"HTTP_REFERER"=>"/"}
D, [2020-06-15T21:44:01.580552 #18628] DEBUG -- : REQUESTING PAGE: GET / with {} and HTTP headers {}
D, [2020-06-15T21:44:02.117314 #18628] DEBUG -- : REQUESTING PAGE: POST / with {"nombre"=>"mi_nombre"} and HTTP headers {"HTTP_REFERER"=>"/"}
D, [2020-06-15T21:44:35.642546 #19208] DEBUG -- : REQUESTING PAGE: GET / with {} and HTTP headers {}
D, [2020-06-15T21:44:36.187061 #19208] DEBUG -- : REQUESTING PAGE: POST / with {"nombre"=>"mi_nombre"} and HTTP headers {"HTTP_REFERER"=>"/"}
D, [2020-06-15T21:54:49.953490 #14964] DEBUG -- : REQUESTING PAGE: GET / with {} and HTTP headers {}
D, [2020-06-15T21:54:50.284012 #14964] DEBUG -- : REQUESTING PAGE: POST / with {"nombre"=>"mi_nombre"} and HTTP headers {"HTTP_REFERER"=>"/"}
D, [2020-06-15T21:54:50.387480 #14964] DEBUG -- : REQUESTING PAGE: GET / with {} and HTTP headers {}
D, [2020-06-15T21:54:50.404974 #14964] DEBUG -- : REQUESTING PAGE: POST / with {"nombre"=>"mi_nombre"} and HTTP headers {"HTTP_REFERER"=>"/"}
D, [2020-06-15T21:57:20.394090 #3920] DEBUG -- : REQUESTING PAGE: GET / with {} and HTTP headers {}
D, [2020-06-15T21:57:20.772381 #3920] DEBUG -- : REQUESTING PAGE: POST / with {"nombre"=>"mi_nombre"} and HTTP headers {"HTTP_REFERER"=>"/"}
D, [2020-06-15T21:57:20.884891 #3920] DEBUG -- : REQUESTING PAGE: GET / with {} and HTTP headers {}
D, [2020-06-15T21:57:20.904903 #3920] DEBUG -- : REQUESTING PAGE: POST / with {"nombre"=>"mi_nombre"} and HTTP headers {"HTTP_REFERER"=>"/"}
D, [2020-06-15T22:06:15.390689 #11768] DEBUG -- : REQUESTING PAGE: GET / with {} and HTTP headers {}
D, [2020-06-15T22:06:15.730348 #11768] DEBUG -- : REQUESTING PAGE: POST / with {"nombre"=>"mi_nombre"} and HTTP headers {"HTTP_REFERER"=>"/"}
D, [2020-06-15T22:06:15.867905 #11768] DEBUG -- : REQUESTING PAGE: GET / with {} and HTTP headers {}
D, [2020-06-15T22:06:15.891904 #11768] DEBUG -- : REQUESTING PAGE: POST / with {"nombre"=>"mi_nombre"} and HTTP headers {"HTTP_REFERER"=>"/"}
D, [2020-06-15T22:09:34.863675 #21620] DEBUG -- : REQUESTING PAGE: GET / with {} and HTTP headers {}
D, [2020-06-15T22:09:35.215564 #21620] DEBUG -- : REQUESTING PAGE: POST / with {"nombre"=>"mi_nombre"} and HTTP headers {"HTTP_REFERER"=>"/"}
D, [2020-06-15T22:10:49.869968 #16256] DEBUG -- : REQUESTING PAGE: GET / with {} and HTTP headers {}
D, [2020-06-15T22:10:50.197947 #16256] DEBUG -- : REQUESTING PAGE: POST / with {"nombre"=>"mi_nombre"} and HTTP headers {"HTTP_REFERER"=>"/"}
D, [2020-06-15T22:13:10.510650 #7192] DEBUG -- : REQUESTING PAGE: GET / with {} and HTTP headers {}
D, [2020-06-15T22:13:10.852631 #7192] DEBUG -- : REQUESTING PAGE: POST / with {"nombre"=>"mi_nombre"} and HTTP headers {"HTTP_REFERER"=>"/"}
D, [2020-06-15T22:13:33.827482 #22408] DEBUG -- : REQUESTING PAGE: GET / with {} and HTTP headers {}
D, [2020-06-15T22:13:34.207548 #22408] DEBUG -- : REQUESTING PAGE: POST / with {"nombre"=>"mi_nombre"} and HTTP headers {"HTTP_REFERER"=>"/"}
D, [2020-06-15T22:13:34.315327 #22408] DEBUG -- : REQUESTING PAGE: GET /inicio with {} and HTTP headers {}
D, [2020-06-15T22:13:34.335895 #22408] DEBUG -- : REQUESTING PAGE: POST opciones with {} and HTTP headers {"HTTP_REFERER"=>"/inicio"}
D, [2020-06-15T22:14:33.337921 #15372] DEBUG -- : REQUESTING PAGE: GET / with {} and HTTP headers {}
D, [2020-06-15T22:14:33.675304 #15372] DEBUG -- : REQUESTING PAGE: POST / with {"nombre"=>"mi_nombre"} and HTTP headers {"HTTP_REFERER"=>"/"}
D, [2020-06-15T22:14:33.797813 #15372] DEBUG -- : REQUESTING PAGE: GET /inicio with {} and HTTP headers {}
D, [2020-06-15T22:14:33.817770 #15372] DEBUG -- : REQUESTING PAGE: POST opciones with {} and HTTP headers {"HTTP_REFERER"=>"/inicio"}
D, [2020-06-15T22:15:47.219353 #7064] DEBUG -- : REQUESTING PAGE: GET / with {} and HTTP headers {}
D, [2020-06-15T22:15:47.557098 #7064] DEBUG -- : REQUESTING PAGE: POST / with {"nombre"=>"mi_nombre"} and HTTP headers {"HTTP_REFERER"=>"/"}
D, [2020-06-15T22:15:47.682975 #7064] DEBUG -- : REQUESTING PAGE: GET /inicio with {} and HTTP headers {}
D, [2020-06-15T22:15:47.704035 #7064] DEBUG -- : REQUESTING PAGE: POST opciones with {} and HTTP headers {"HTTP_REFERER"=>"/inicio"}
D, [2020-06-15T22:19:45.205422 #19552] DEBUG -- : REQUESTING PAGE: GET / with {} and HTTP headers {}
D, [2020-06-15T22:19:45.563496 #19552] DEBUG -- : REQUESTING PAGE: POST / with {"nombre"=>"mi_nombre"} and HTTP headers {"HTTP_REFERER"=>"/"}
D, [2020-06-15T22:19:45.670677 #19552] DEBUG -- : REQUESTING PAGE: GET /inicio with {} and HTTP headers {}
D, [2020-06-15T22:19:45.690087 #19552] DEBUG -- : REQUESTING PAGE: POST opciones with {} and HTTP headers {"HTTP_REFERER"=>"/inicio"}
D, [2020-06-15T22:21:28.547431 #7352] DEBUG -- : REQUESTING PAGE: GET / with {} and HTTP headers {}
D, [2020-06-15T22:21:28.900434 #7352] DEBUG -- : REQUESTING PAGE: POST / with {"nombre"=>"mi_nombre"} and HTTP headers {"HTTP_REFERER"=>"/"}
D, [2020-06-15T22:21:29.016915 #7352] DEBUG -- : REQUESTING PAGE: GET /inicio with {} and HTTP headers {}
D, [2020-06-15T22:21:29.042477 #7352] DEBUG -- : REQUESTING PAGE: POST opciones with {} and HTTP headers {"HTTP_REFERER"=>"/inicio"}
D, [2020-06-15T22:22:11.677222 #10284] DEBUG -- : REQUESTING PAGE: GET / with {} and HTTP headers {}
D, [2020-06-15T22:22:12.017033 #10284] DEBUG -- : REQUESTING PAGE: POST / with {"nombre"=>"mi_nombre"} and HTTP headers {"HTTP_REFERER"=>"/"}
D, [2020-06-15T22:22:12.130013 #10284] DEBUG -- : REQUESTING PAGE: GET /inicio with {} and HTTP headers {}
D, [2020-06-15T22:22:12.152838 #10284] DEBUG -- : REQUESTING PAGE: POST opciones with {} and HTTP headers {"HTTP_REFERER"=>"/inicio"}
D, [2020-06-15T22:38:08.624524 #21956] DEBUG -- : REQUESTING PAGE: GET / with {} and HTTP headers {}
D, [2020-06-15T22:38:08.955656 #21956] DEBUG -- : REQUESTING PAGE: POST / with {"nombre"=>"mi_nombre"} and HTTP headers {"HTTP_REFERER"=>"/"}
D, [2020-06-15T22:38:09.040836 #21956] DEBUG -- : REQUESTING PAGE: GET /inicio with {} and HTTP headers {}
D, [2020-06-15T22:38:09.055641 #21956] DEBUG -- : REQUESTING PAGE: POST opciones with {} and HTTP headers {"HTTP_REFERER"=>"/inicio"}
D, [2020-06-16T00:00:23.649896 #19172] DEBUG -- : REQUESTING PAGE: GET / with {} and HTTP headers {}
D, [2020-06-16T00:00:23.981182 #19172] DEBUG -- : REQUESTING PAGE: POST / with {"nombre"=>"mi_nombre"} and HTTP headers {"HTTP_REFERER"=>"/"}
D, [2020-06-16T00:00:24.087100 #19172] DEBUG -- : REQUESTING PAGE: GET /inicio with {} and HTTP headers {}
D, [2020-06-16T00:00:24.113731 #19172] DEBUG -- : REQUESTING PAGE: POST opciones with {} and HTTP headers {"HTTP_REFERER"=>"/inicio"}
D, [2020-06-16T00:04:04.694481 #21972] DEBUG -- : REQUESTING PAGE: GET / with {} and HTTP headers {}
D, [2020-06-16T00:04:05.044657 #21972] DEBUG -- : REQUESTING PAGE: POST / with {"nombre"=>"mi_nombre"} and HTTP headers {"HTTP_REFERER"=>"/"}
D, [2020-06-16T00:04:05.153835 #21972] DEBUG -- : REQUESTING PAGE: GET /inicio with {} and HTTP headers {}
D, [2020-06-16T00:04:05.178331 #21972] DEBUG -- : REQUESTING PAGE: POST opciones with {} and HTTP headers {"HTTP_REFERER"=>"/inicio"}
D, [2020-06-16T00:08:07.428679 #15540] DEBUG -- : REQUESTING PAGE: GET / with {} and HTTP headers {}
D, [2020-06-16T00:08:07.771790 #15540] DEBUG -- : REQUESTING PAGE: POST / with {"nombre"=>"mi_nombre"} and HTTP headers {"HTTP_REFERER"=>"/"}
D, [2020-06-16T00:08:07.875832 #15540] DEBUG -- : REQUESTING PAGE: GET /inicio with {} and HTTP headers {}
D, [2020-06-16T00:08:07.895025 #15540] DEBUG -- : REQUESTING PAGE: POST opciones with {} and HTTP headers {"HTTP_REFERER"=>"/inicio"}
D, [2020-06-16T03:04:43.239214 #8352] DEBUG -- : REQUESTING PAGE: GET / with {} and HTTP headers {}
D, [2020-06-16T03:04:43.586416 #8352] DEBUG -- : REQUESTING PAGE: POST / with {"nombre"=>"mi_nombre"} and HTTP headers {"HTTP_REFERER"=>"/"}
D, [2020-06-16T03:04:43.703792 #8352] DEBUG -- : REQUESTING PAGE: GET /inicio with {} and HTTP headers {}
D, [2020-06-16T03:04:43.722806 #8352] DEBUG -- : REQUESTING PAGE: POST opciones with {} and HTTP headers {"HTTP_REFERER"=>"/inicio"}
D, [2020-06-16T03:07:12.351595 #10992] DEBUG -- : REQUESTING PAGE: GET / with {} and HTTP headers {}
D, [2020-06-16T03:07:12.680604 #10992] DEBUG -- : REQUESTING PAGE: POST / with {"nombre"=>"mi_nombre"} and HTTP headers {"HTTP_REFERER"=>"/"}
D, [2020-06-16T03:07:12.801325 #10992] DEBUG -- : REQUESTING PAGE: GET /inicio with {} and HTTP headers {}
D, [2020-06-16T03:07:12.826841 #10992] DEBUG -- : REQUESTING PAGE: POST opciones with {} and HTTP headers {"HTTP_REFERER"=>"/inicio"}
D, [2020-06-16T03:09:18.008123 #13728] DEBUG -- : REQUESTING PAGE: GET / with {} and HTTP headers {}
D, [2020-06-16T03:09:18.360828 #13728] DEBUG -- : REQUESTING PAGE: POST / with {"nombre"=>"mi_nombre"} and HTTP headers {"HTTP_REFERER"=>"/"}
D, [2020-06-16T03:09:18.485372 #13728] DEBUG -- : REQUESTING PAGE: GET /inicio with {} and HTTP headers {}
D, [2020-06-16T03:09:18.507845 #13728] DEBUG -- : REQUESTING PAGE: POST opciones with {} and HTTP headers {"HTTP_REFERER"=>"/inicio"}
D, [2020-06-16T03:12:21.135498 #19056] DEBUG -- : REQUESTING PAGE: GET / with {} and HTTP headers {}
D, [2020-06-16T03:12:21.470066 #19056] DEBUG -- : REQUESTING PAGE: POST / with {"nombre"=>"mi_nombre"} and HTTP headers {"HTTP_REFERER"=>"/"}
D, [2020-06-16T03:12:21.586150 #19056] DEBUG -- : REQUESTING PAGE: GET /inicio with {} and HTTP headers {}
D, [2020-06-16T03:12:21.609492 #19056] DEBUG -- : REQUESTING PAGE: POST opciones with {} and HTTP headers {"HTTP_REFERER"=>"/inicio"}
D, [2020-06-16T03:17:12.826091 #10304] DEBUG -- : REQUESTING PAGE: GET / with {} and HTTP headers {}
D, [2020-06-16T03:17:13.185534 #10304] DEBUG -- : REQUESTING PAGE: POST / with {"nombre"=>"mi_nombre"} and HTTP headers {"HTTP_REFERER"=>"/"}
D, [2020-06-16T03:17:13.294804 #10304] DEBUG -- : REQUESTING PAGE: GET /inicio with {} and HTTP headers {}
D, [2020-06-16T03:17:13.314040 #10304] DEBUG -- : REQUESTING PAGE: POST opciones with {} and HTTP headers {"HTTP_REFERER"=>"/inicio"}
D, [2020-06-16T03:22:10.604192 #20704] DEBUG -- : REQUESTING PAGE: GET / with {} and HTTP headers {}
D, [2020-06-16T03:22:10.952750 #20704] DEBUG -- : REQUESTING PAGE: POST / with {"nombre"=>"mi_nombre"} and HTTP headers {"HTTP_REFERER"=>"/"}
D, [2020-06-16T03:22:11.084579 #20704] DEBUG -- : REQUESTING PAGE: GET /inicio with {} and HTTP headers {}
D, [2020-06-16T03:22:11.107667 #20704] DEBUG -- : REQUESTING PAGE: POST opciones with {} and HTTP headers {"HTTP_REFERER"=>"/inicio"}
D, [2020-06-16T03:25:00.228449 #16540] DEBUG -- : REQUESTING PAGE: GET / with {} and HTTP headers {}
D, [2020-06-16T03:25:00.567776 #16540] DEBUG -- : REQUESTING PAGE: POST / with {"nombre"=>"mi_nombre"} and HTTP headers {"HTTP_REFERER"=>"/"}
D, [2020-06-16T03:25:00.698834 #16540] DEBUG -- : REQUESTING PAGE: GET /inicio with {} and HTTP headers {}
D, [2020-06-16T03:25:00.722351 #16540] DEBUG -- : REQUESTING PAGE: POST opciones with {} and HTTP headers {"HTTP_REFERER"=>"/inicio"}
D, [2020-06-16T03:34:58.392257 #3416] DEBUG -- : REQUESTING PAGE: GET / with {} and HTTP headers {}
D, [2020-06-16T03:34:58.740927 #3416] DEBUG -- : REQUESTING PAGE: POST / with {"nombre"=>"mi_nombre"} and HTTP headers {"HTTP_REFERER"=>"/"}
D, [2020-06-16T03:34:58.857765 #3416] DEBUG -- : REQUESTING PAGE: GET /inicio with {} and HTTP headers {}
D, [2020-06-16T03:34:58.881968 #3416] DEBUG -- : REQUESTING PAGE: POST opciones with {} and HTTP headers {"HTTP_REFERER"=>"/inicio"}
D, [2020-06-16T04:05:10.788475 #13296] DEBUG -- : REQUESTING PAGE: GET / with {} and HTTP headers {}
D, [2020-06-16T04:05:11.128488 #13296] DEBUG -- : REQUESTING PAGE: POST / with {"nombre"=>"mi_nombre"} and HTTP headers {"HTTP_REFERER"=>"/"}
D, [2020-06-16T04:05:11.251063 #13296] DEBUG -- : REQUESTING PAGE: GET /inicio with {} and HTTP headers {}
D, [2020-06-16T04:05:11.272230 #13296] DEBUG -- : REQUESTING PAGE: POST opciones with {} and HTTP headers {"HTTP_REFERER"=>"/inicio"}
D, [2020-06-16T04:05:11.364346 #13296] DEBUG -- : REQUESTING PAGE: GET /inicio with {} and HTTP headers {}
D, [2020-06-16T04:06:30.664092 #15528] DEBUG -- : REQUESTING PAGE: GET / with {} and HTTP headers {}
D, [2020-06-16T04:06:30.986802 #15528] DEBUG -- : REQUESTING PAGE: POST / with {"nombre"=>"mi_nombre"} and HTTP headers {"HTTP_REFERER"=>"/"}
D, [2020-06-16T04:06:31.103085 #15528] DEBUG -- : REQUESTING PAGE: GET /inicio with {} and HTTP headers {}
D, [2020-06-16T04:06:31.121762 #15528] DEBUG -- : REQUESTING PAGE: POST opciones with {} and HTTP headers {"HTTP_REFERER"=>"/inicio"}
D, [2020-06-16T04:06:31.223037 #15528] DEBUG -- : REQUESTING PAGE: GET /inicio with {} and HTTP headers {}
D, [2020-06-16T04:07:08.634112 #9220] DEBUG -- : REQUESTING PAGE: GET / with {} and HTTP headers {}
D, [2020-06-16T04:07:08.978197 #9220] DEBUG -- : REQUESTING PAGE: POST / with {"nombre"=>"mi_nombre"} and HTTP headers {"HTTP_REFERER"=>"/"}
D, [2020-06-16T04:07:09.105345 #9220] DEBUG -- : REQUESTING PAGE: GET /inicio with {} and HTTP headers {}
D, [2020-06-16T04:07:09.128620 #9220] DEBUG -- : REQUESTING PAGE: POST opciones with {} and HTTP headers {"HTTP_REFERER"=>"/inicio"}
D, [2020-06-16T04:07:09.240344 #9220] DEBUG -- : REQUESTING PAGE: GET /inicio with {} and HTTP headers {}
D, [2020-06-16T04:07:36.106956 #21272] DEBUG -- : REQUESTING PAGE: GET / with {} and HTTP headers {}
D, [2020-06-16T04:07:36.448686 #21272] DEBUG -- : REQUESTING PAGE: POST / with {"nombre"=>"mi_nombre"} and HTTP headers {"HTTP_REFERER"=>"/"}
D, [2020-06-16T04:07:36.581736 #21272] DEBUG -- : REQUESTING PAGE: GET /inicio with {} and HTTP headers {}
D, [2020-06-16T04:07:36.602755 #21272] DEBUG -- : REQUESTING PAGE: POST opciones with {} and HTTP headers {"HTTP_REFERER"=>"/inicio"}
D, [2020-06-16T04:07:36.698911 #21272] DEBUG -- : REQUESTING PAGE: GET /inicio with {} and HTTP headers {}
D, [2020-06-16T04:07:36.729401 #21272] DEBUG -- : REQUESTING PAGE: POST /inicio with {"nuevoCodigo"=>"12345"} and HTTP headers {"HTTP_REFERER"=>"/inicio"}
D, [2020-06-16T04:08:18.531583 #5712] DEBUG -- : REQUESTING PAGE: GET / with {} and HTTP headers {}
D, [2020-06-16T04:08:18.859042 #5712] DEBUG -- : REQUESTING PAGE: POST / with {"nombre"=>"mi_nombre"} and HTTP headers {"HTTP_REFERER"=>"/"}
D, [2020-06-16T04:08:18.983416 #5712] DEBUG -- : REQUESTING PAGE: GET /inicio with {} and HTTP headers {}
D, [2020-06-16T04:08:19.009185 #5712] DEBUG -- : REQUESTING PAGE: POST opciones with {} and HTTP headers {"HTTP_REFERER"=>"/inicio"}
D, [2020-06-16T04:08:19.100207 #5712] DEBUG -- : REQUESTING PAGE: GET /inicio with {} and HTTP headers {}
D, [2020-06-16T04:08:19.134682 #5712] DEBUG -- : REQUESTING PAGE: POST /inicio with {"nuevoCodigo"=>"12345"} and HTTP headers {"HTTP_REFERER"=>"/inicio"}
D, [2020-06-16T04:12:47.955996 #13384] DEBUG -- : REQUESTING PAGE: GET / with {} and HTTP headers {}
D, [2020-06-16T04:12:48.290879 #13384] DEBUG -- : REQUESTING PAGE: POST / with {"nombre"=>"mi_nombre"} and HTTP headers {"HTTP_REFERER"=>"/"}
D, [2020-06-16T04:12:48.412488 #13384] DEBUG -- : REQUESTING PAGE: GET /inicio with {} and HTTP headers {}
D, [2020-06-16T04:12:48.441879 #13384] DEBUG -- : REQUESTING PAGE: POST opciones with {} and HTTP headers {"HTTP_REFERER"=>"/inicio"}
D, [2020-06-16T04:12:48.542585 #13384] DEBUG -- : REQUESTING PAGE: GET /inicio with {} and HTTP headers {}
D, [2020-06-16T04:12:48.575658 #13384] DEBUG -- : REQUESTING PAGE: POST /inicio with {"nuevoCodigo"=>"12345"} and HTTP headers {"HTTP_REFERER"=>"/inicio"}
D, [2020-06-16T04:14:07.080770 #17148] DEBUG -- : REQUESTING PAGE: GET / with {} and HTTP headers {}
D, [2020-06-16T04:14:07.418158 #17148] DEBUG -- : REQUESTING PAGE: POST / with {"nombre"=>"mi_nombre"} and HTTP headers {"HTTP_REFERER"=>"/"}
D, [2020-06-16T04:14:07.531213 #17148] DEBUG -- : REQUESTING PAGE: GET /inicio with {} and HTTP headers {}
D, [2020-06-16T04:14:07.551788 #17148] DEBUG -- : REQUESTING PAGE: POST opciones with {} and HTTP headers {"HTTP_REFERER"=>"/inicio"}
D, [2020-06-16T04:14:07.638888 #17148] DEBUG -- : REQUESTING PAGE: GET /inicio with {} and HTTP headers {}
D, [2020-06-16T04:14:07.668202 #17148] DEBUG -- : REQUESTING PAGE: POST /inicio with {"nuevoCodigo"=>"12345"} and HTTP headers {"HTTP_REFERER"=>"/inicio"}
D, [2020-06-16T04:17:11.332333 #15708] DEBUG -- : REQUESTING PAGE: GET / with {} and HTTP headers {}
D, [2020-06-16T04:17:11.663275 #15708] DEBUG -- : REQUESTING PAGE: POST / with {"nombre"=>"mi_nombre"} and HTTP headers {"HTTP_REFERER"=>"/"}
D, [2020-06-16T04:17:11.772546 #15708] DEBUG -- : REQUESTING PAGE: GET /inicio with {} and HTTP headers {}
D, [2020-06-16T04:17:11.797350 #15708] DEBUG -- : REQUESTING PAGE: POST opciones with {} and HTTP headers {"HTTP_REFERER"=>"/inicio"}
D, [2020-06-16T04:17:11.891994 #15708] DEBUG -- : REQUESTING PAGE: GET /inicio with {} and HTTP headers {}
D, [2020-06-16T04:17:11.920786 #15708] DEBUG -- : REQUESTING PAGE: POST /inicio with {"nuevoCodigo"=>"12345"} and HTTP headers {"HTTP_REFERER"=>"/inicio"}
D, [2020-06-16T04:21:56.227401 #12892] DEBUG -- : REQUESTING PAGE: GET / with {} and HTTP headers {}
D, [2020-06-16T04:21:56.995745 #12892] DEBUG -- : REQUESTING PAGE: POST / with {"nombre"=>"mi_nombre"} and HTTP headers {"HTTP_REFERER"=>"/"}
D, [2020-06-16T04:21:57.147662 #12892] DEBUG -- : REQUESTING PAGE: GET /inicio with {} and HTTP headers {}
D, [2020-06-16T04:21:57.168248 #12892] DEBUG -- : REQUESTING PAGE: POST opciones with {} and HTTP headers {"HTTP_REFERER"=>"/inicio"}
D, [2020-06-16T04:21:57.348925 #12892] DEBUG -- : REQUESTING PAGE: GET /inicio with {} and HTTP headers {}
D, [2020-06-16T04:21:57.431707 #12892] DEBUG -- : REQUESTING PAGE: POST /inicio with {"nuevoCodigo"=>"12345"} and HTTP headers {"HTTP_REFERER"=>"/inicio"}
D, [2020-06-16T04:21:58.066056 #12892] DEBUG -- : REQUESTING PAGE: GET /inicio with {} and HTTP headers {}
D, [2020-06-16T04:21:58.103668 #12892] DEBUG -- : REQUESTING PAGE: POST /inicio with {"nuevoCodigo"=>"12345"} and HTTP headers {"HTTP_REFERER"=>"/inicio"}
D, [2020-06-16T04:29:11.179252 #3224] DEBUG -- : REQUESTING PAGE: GET / with {} and HTTP headers {}
D, [2020-06-16T04:29:11.522147 #3224] DEBUG -- : REQUESTING PAGE: POST / with {"nombre"=>"mi_nombre"} and HTTP headers {"HTTP_REFERER"=>"/"}
D, [2020-06-16T04:29:11.633512 #3224] DEBUG -- : REQUESTING PAGE: GET /inicio with {} and HTTP headers {}
D, [2020-06-16T04:29:11.652490 #3224] DEBUG -- : REQUESTING PAGE: POST opciones with {} and HTTP headers {"HTTP_REFERER"=>"/inicio"}
D, [2020-06-16T04:29:11.756030 #3224] DEBUG -- : REQUESTING PAGE: GET /inicio with {} and HTTP headers {}
D, [2020-06-16T04:29:11.792685 #3224] DEBUG -- : REQUESTING PAGE: POST /inicio with {"nuevoCodigo"=>"12345"} and HTTP headers {"HTTP_REFERER"=>"/inicio"}
D, [2020-06-16T04:29:11.879278 #3224] DEBUG -- : REQUESTING PAGE: GET /inicio with {} and HTTP headers {}
D, [2020-06-16T04:29:11.917855 #3224] DEBUG -- : REQUESTING PAGE: POST /inicio with {"nuevoCodigo"=>"12345"} and HTTP headers {"HTTP_REFERER"=>"/inicio"}
D, [2020-06-16T04:36:12.824816 #14184] DEBUG -- : REQUESTING PAGE: GET / with {} and HTTP headers {}
D, [2020-06-16T04:36:13.165950 #14184] DEBUG -- : REQUESTING PAGE: POST / with {"nombre"=>"mi_nombre"} and HTTP headers {"HTTP_REFERER"=>"/"}
D, [2020-06-16T04:36:13.267847 #14184] DEBUG -- : REQUESTING PAGE: GET /inicio with {} and HTTP headers {}
D, [2020-06-16T04:36:13.285458 #14184] DEBUG -- : REQUESTING PAGE: POST opciones with {} and HTTP headers {"HTTP_REFERER"=>"/inicio"}
D, [2020-06-16T04:36:13.376480 #14184] DEBUG -- : REQUESTING PAGE: GET /inicio with {} and HTTP headers {}
D, [2020-06-16T04:36:13.403860 #14184] DEBUG -- : REQUESTING PAGE: POST /inicio with {"nuevoCodigo"=>"12345"} and HTTP headers {"HTTP_REFERER"=>"/inicio"}
D, [2020-06-16T04:36:13.844701 #14184] DEBUG -- : REQUESTING PAGE: GET /inicio with {} and HTTP headers {}
D, [2020-06-16T04:36:13.875570 #14184] DEBUG -- : REQUESTING PAGE: POST /inicio with {"nuevoCodigo"=>"12345"} and HTTP headers {"HTTP_REFERER"=>"/inicio"}
D, [2020-06-16T04:40:04.442447 #17604] DEBUG -- : REQUESTING PAGE: GET / with {} and HTTP headers {}
D, [2020-06-16T04:40:04.771493 #17604] DEBUG -- : REQUESTING PAGE: POST / with {"nombre"=>"mi_nombre"} and HTTP headers {"HTTP_REFERER"=>"/"}
D, [2020-06-16T04:40:04.890005 #17604] DEBUG -- : REQUESTING PAGE: GET /inicio with {} and HTTP headers {}
D, [2020-06-16T04:40:04.909423 #17604] DEBUG -- : REQUESTING PAGE: POST opciones with {} and HTTP headers {"HTTP_REFERER"=>"/inicio"}
D, [2020-06-16T04:40:05.022687 #17604] DEBUG -- : REQUESTING PAGE: GET /inicio with {} and HTTP headers {}
D, [2020-06-16T04:40:05.051066 #17604] DEBUG -- : REQUESTING PAGE: POST /inicio with {"nuevoCodigo"=>"12345"} and HTTP headers {"HTTP_REFERER"=>"/inicio"}
D, [2020-06-16T04:40:05.129978 #17604] DEBUG -- : REQUESTING PAGE: GET /inicio with {} and HTTP headers {}
D, [2020-06-16T04:40:05.162409 #17604] DEBUG -- : REQUESTING PAGE: POST /inicio with {"nuevoCodigo"=>"12345"} and HTTP headers {"HTTP_REFERER"=>"/inicio"}
D, [2020-06-16T04:40:35.102743 #792] DEBUG -- : REQUESTING PAGE: GET / with {} and HTTP headers {}
D, [2020-06-16T04:40:35.447168 #792] DEBUG -- : REQUESTING PAGE: POST / with {"nombre"=>"mi_nombre"} and HTTP headers {"HTTP_REFERER"=>"/"}
D, [2020-06-16T04:40:35.579588 #792] DEBUG -- : REQUESTING PAGE: GET /inicio with {} and HTTP headers {}
D, [2020-06-16T04:40:35.602014 #792] DEBUG -- : REQUESTING PAGE: POST opciones with {} and HTTP headers {"HTTP_REFERER"=>"/inicio"}
D, [2020-06-16T04:40:35.700663 #792] DEBUG -- : REQUESTING PAGE: GET /inicio with {} and HTTP headers {}
D, [2020-06-16T04:40:35.731088 #792] DEBUG -- : REQUESTING PAGE: POST /inicio with {"nuevoCodigo"=>"12345"} and HTTP headers {"HTTP_REFERER"=>"/inicio"}
D, [2020-06-16T04:40:35.850098 #792] DEBUG -- : REQUESTING PAGE: GET /inicio with {} and HTTP headers {}
D, [2020-06-16T04:40:35.883490 #792] DEBUG -- : REQUESTING PAGE: POST /inicio with {"nuevoCodigo"=>"12345"} and HTTP headers {"HTTP_REFERER"=>"/inicio"}
D, [2020-06-16T04:41:34.569593 #7872] DEBUG -- : REQUESTING PAGE: GET / with {} and HTTP headers {}
D, [2020-06-16T04:41:34.903968 #7872] DEBUG -- : REQUESTING PAGE: POST / with {"nombre"=>"mi_nombre"} and HTTP headers {"HTTP_REFERER"=>"/"}
D, [2020-06-16T04:41:35.030785 #7872] DEBUG -- : REQUESTING PAGE: GET /inicio with {} and HTTP headers {}
D, [2020-06-16T04:41:35.049109 #7872] DEBUG -- : REQUESTING PAGE: POST opciones with {} and HTTP headers {"HTTP_REFERER"=>"/inicio"}
D, [2020-06-16T04:41:35.149558 #7872] DEBUG -- : REQUESTING PAGE: GET /inicio with {} and HTTP headers {}
D, [2020-06-16T04:41:35.179850 #7872] DEBUG -- : REQUESTING PAGE: POST /inicio with {"nuevoCodigo"=>"12345"} and HTTP headers {"HTTP_REFERER"=>"/inicio"}
D, [2020-06-16T04:41:35.237295 #7872] DEBUG -- : REQUESTING PAGE: GET /inicio with {} and HTTP headers {}
D, [2020-06-16T04:41:35.266136 #7872] DEBUG -- : REQUESTING PAGE: POST /inicio with {"nuevoCodigo"=>"12345"} and HTTP headers {"HTTP_REFERER"=>"/inicio"}
D, [2020-06-16T04:41:35.301837 #7872] DEBUG -- : REQUESTING PAGE: GET /juego with {} and HTTP headers {"HTTP_REFERER"=>"/inicio"}
D, [2020-06-16T04:42:18.085360 #15992] DEBUG -- : REQUESTING PAGE: GET / with {} and HTTP headers {}
D, [2020-06-16T04:42:18.430881 #15992] DEBUG -- : REQUESTING PAGE: POST / with {"nombre"=>"mi_nombre"} and HTTP headers {"HTTP_REFERER"=>"/"}
D, [2020-06-16T04:42:18.541967 #15992] DEBUG -- : REQUESTING PAGE: GET /inicio with {} and HTTP headers {}
D, [2020-06-16T04:42:18.559783 #15992] DEBUG -- : REQUESTING PAGE: POST opciones with {} and HTTP headers {"HTTP_REFERER"=>"/inicio"}
D, [2020-06-16T04:42:18.658006 #15992] DEBUG -- : REQUESTING PAGE: GET /inicio with {} and HTTP headers {}
D, [2020-06-16T04:42:18.690808 #15992] DEBUG -- : REQUESTING PAGE: POST /inicio with {"nuevoCodigo"=>"12345"} and HTTP headers {"HTTP_REFERER"=>"/inicio"}
D, [2020-06-16T04:42:18.751169 #15992] DEBUG -- : REQUESTING PAGE: GET /inicio with {} and HTTP headers {}
D, [2020-06-16T04:42:18.778458 #15992] DEBUG -- : REQUESTING PAGE: POST /inicio with {"nuevoCodigo"=>"12345"} and HTTP headers {"HTTP_REFERER"=>"/inicio"}
D, [2020-06-16T04:42:37.730422 #20508] DEBUG -- : REQUESTING PAGE: GET / with {} and HTTP headers {}
D, [2020-06-16T04:42:38.065653 #20508] DEBUG -- : REQUESTING PAGE: POST / with {"nombre"=>"mi_nombre"} and HTTP headers {"HTTP_REFERER"=>"/"}
D, [2020-06-16T04:42:38.196756 #20508] DEBUG -- : REQUESTING PAGE: GET /inicio with {} and HTTP headers {}
D, [2020-06-16T04:42:38.225877 #20508] DEBUG -- : REQUESTING PAGE: POST opciones with {} and HTTP headers {"HTTP_REFERER"=>"/inicio"}
D, [2020-06-16T04:42:38.340131 #20508] DEBUG -- : REQUESTING PAGE: GET /inicio with {} and HTTP headers {}
D, [2020-06-16T04:42:38.369265 #20508] DEBUG -- : REQUESTING PAGE: POST /inicio with {"nuevoCodigo"=>"12345"} and HTTP headers {"HTTP_REFERER"=>"/inicio"}
D, [2020-06-16T04:42:38.447045 #20508] DEBUG -- : REQUESTING PAGE: GET /inicio with {} and HTTP headers {}
D, [2020-06-16T04:42:38.486461 #20508] DEBUG -- : REQUESTING PAGE: POST /inicio with {"nuevoCodigo"=>"12345"} and HTTP headers {"HTTP_REFERER"=>"/inicio"}
D, [2020-06-16T04:43:08.227012 #12248] DEBUG -- : REQUESTING PAGE: GET / with {} and HTTP headers {}
D, [2020-06-16T04:43:08.561223 #12248] DEBUG -- : REQUESTING PAGE: POST / with {"nombre"=>"mi_nombre"} and HTTP headers {"HTTP_REFERER"=>"/"}
D, [2020-06-16T04:43:08.686649 #12248] DEBUG -- : REQUESTING PAGE: GET /inicio with {} and HTTP headers {}
D, [2020-06-16T04:43:08.711380 #12248] DEBUG -- : REQUESTING PAGE: POST opciones with {} and HTTP headers {"HTTP_REFERER"=>"/inicio"}
D, [2020-06-16T04:43:08.823845 #12248] DEBUG -- : REQUESTING PAGE: GET /inicio with {} and HTTP headers {}
D, [2020-06-16T04:43:08.858833 #12248] DEBUG -- : REQUESTING PAGE: POST /inicio with {"nuevoCodigo"=>"12345"} and HTTP headers {"HTTP_REFERER"=>"/inicio"}
D, [2020-06-16T04:43:08.944003 #12248] DEBUG -- : REQUESTING PAGE: GET /inicio with {} and HTTP headers {}
D, [2020-06-16T04:43:08.973699 #12248] DEBUG -- : REQUESTING PAGE: POST /inicio with {"nuevoCodigo"=>"12345"} and HTTP headers {"HTTP_REFERER"=>"/inicio"}
D, [2020-06-16T04:43:44.083221 #12020] DEBUG -- : REQUESTING PAGE: GET / with {} and HTTP headers {}
D, [2020-06-16T04:43:44.522030 #12020] DEBUG -- : REQUESTING PAGE: POST / with {"nombre"=>"mi_nombre"} and HTTP headers {"HTTP_REFERER"=>"/"}
D, [2020-06-16T04:43:44.669244 #12020] DEBUG -- : REQUESTING PAGE: GET /inicio with {} and HTTP headers {}
D, [2020-06-16T04:43:44.691742 #12020] DEBUG -- : REQUESTING PAGE: POST opciones with {} and HTTP headers {"HTTP_REFERER"=>"/inicio"}
D, [2020-06-16T04:43:44.797677 #12020] DEBUG -- : REQUESTING PAGE: GET /inicio with {} and HTTP headers {}
D, [2020-06-16T04:43:44.825317 #12020] DEBUG -- : REQUESTING PAGE: POST /inicio with {"nuevoCodigo"=>"12345"} and HTTP headers {"HTTP_REFERER"=>"/inicio"}
D, [2020-06-16T04:43:45.858478 #12020] DEBUG -- : REQUESTING PAGE: GET /inicio with {} and HTTP headers {}
D, [2020-06-16T04:43:45.889772 #12020] DEBUG -- : REQUESTING PAGE: POST /inicio with {"nuevoCodigo"=>"12345"} and HTTP headers {"HTTP_REFERER"=>"/inicio"}
D, [2020-06-16T04:44:08.131117 #5880] DEBUG -- : REQUESTING PAGE: GET / with {} and HTTP headers {}
D, [2020-06-16T04:44:08.474424 #5880] DEBUG -- : REQUESTING PAGE: POST / with {"nombre"=>"mi_nombre"} and HTTP headers {"HTTP_REFERER"=>"/"}
D, [2020-06-16T04:44:08.600211 #5880] DEBUG -- : REQUESTING PAGE: GET /inicio with {} and HTTP headers {}
D, [2020-06-16T04:44:08.624510 #5880] DEBUG -- : REQUESTING PAGE: POST opciones with {} and HTTP headers {"HTTP_REFERER"=>"/inicio"}
D, [2020-06-16T04:44:08.729038 #5880] DEBUG -- : REQUESTING PAGE: GET /inicio with {} and HTTP headers {}
D, [2020-06-16T04:44:08.761556 #5880] DEBUG -- : REQUESTING PAGE: POST /inicio with {"nuevoCodigo"=>"12345"} and HTTP headers {"HTTP_REFERER"=>"/inicio"}
D, [2020-06-16T04:44:08.817674 #5880] DEBUG -- : REQUESTING PAGE: GET /inicio with {} and HTTP headers {}
D, [2020-06-16T04:44:08.850043 #5880] DEBUG -- : REQUESTING PAGE: POST /inicio with {"nuevoCodigo"=>"12345"} and HTTP headers {"HTTP_REFERER"=>"/inicio"}
D, [2020-06-16T04:44:20.595237 #8872] DEBUG -- : REQUESTING PAGE: GET / with {} and HTTP headers {}
D, [2020-06-16T04:44:20.944261 #8872] DEBUG -- : REQUESTING PAGE: POST / with {"nombre"=>"mi_nombre"} and HTTP headers {"HTTP_REFERER"=>"/"}
D, [2020-06-16T04:44:21.086211 #8872] DEBUG -- : REQUESTING PAGE: GET /inicio with {} and HTTP headers {}
D, [2020-06-16T04:44:21.107988 #8872] DEBUG -- : REQUESTING PAGE: POST opciones with {} and HTTP headers {"HTTP_REFERER"=>"/inicio"}
D, [2020-06-16T04:44:21.224577 #8872] DEBUG -- : REQUESTING PAGE: GET /inicio with {} and HTTP headers {}
D, [2020-06-16T04:44:21.258644 #8872] DEBUG -- : REQUESTING PAGE: POST /inicio with {"nuevoCodigo"=>"12345"} and HTTP headers {"HTTP_REFERER"=>"/inicio"}
D, [2020-06-16T04:44:21.319744 #8872] DEBUG -- : REQUESTING PAGE: GET /inicio with {} and HTTP headers {}
D, [2020-06-16T04:44:21.353515 #8872] DEBUG -- : REQUESTING PAGE: POST /inicio with {"nuevoCodigo"=>"12345"} and HTTP headers {"HTTP_REFERER"=>"/inicio"}
D, [2020-06-16T04:45:29.686583 #20252] DEBUG -- : REQUESTING PAGE: GET / with {} and HTTP headers {}
D, [2020-06-16T04:45:30.024816 #20252] DEBUG -- : REQUESTING PAGE: POST / with {"nombre"=>"mi_nombre"} and HTTP headers {"HTTP_REFERER"=>"/"}
D, [2020-06-16T04:45:30.119691 #20252] DEBUG -- : REQUESTING PAGE: GET /inicio with {} and HTTP headers {}
D, [2020-06-16T04:45:30.139332 #20252] DEBUG -- : REQUESTING PAGE: POST opciones with {} and HTTP headers {"HTTP_REFERER"=>"/inicio"}
D, [2020-06-16T04:45:30.227421 #20252] DEBUG -- : REQUESTING PAGE: GET /inicio with {} and HTTP headers {}
D, [2020-06-16T04:45:30.259994 #20252] DEBUG -- : REQUESTING PAGE: POST /inicio with {"nuevoCodigo"=>"12345"} and HTTP headers {"HTTP_REFERER"=>"/inicio"}
D, [2020-06-16T04:45:30.319857 #20252] DEBUG -- : REQUESTING PAGE: GET /inicio with {} and HTTP headers {}
D, [2020-06-16T04:45:30.346438 #20252] DEBUG -- : REQUESTING PAGE: POST /inicio with {"nuevoCodigo"=>"12345"} and HTTP headers {"HTTP_REFERER"=>"/inicio"}
D, [2020-06-16T04:45:52.207018 #6236] DEBUG -- : REQUESTING PAGE: GET / with {} and HTTP headers {}
D, [2020-06-16T04:45:52.560937 #6236] DEBUG -- : REQUESTING PAGE: POST / with {"nombre"=>"mi_nombre"} and HTTP headers {"HTTP_REFERER"=>"/"}
D, [2020-06-16T04:45:52.674728 #6236] DEBUG -- : REQUESTING PAGE: GET /inicio with {} and HTTP headers {}
D, [2020-06-16T04:45:52.695202 #6236] DEBUG -- : REQUESTING PAGE: POST opciones with {} and HTTP headers {"HTTP_REFERER"=>"/inicio"}
D, [2020-06-16T04:45:52.790522 #6236] DEBUG -- : REQUESTING PAGE: GET /inicio with {} and HTTP headers {}
D, [2020-06-16T04:45:52.820829 #6236] DEBUG -- : REQUESTING PAGE: POST /inicio with {"nuevoCodigo"=>"12345"} and HTTP headers {"HTTP_REFERER"=>"/inicio"}
D, [2020-06-16T04:45:52.880286 #6236] DEBUG -- : REQUESTING PAGE: GET /inicio with {} and HTTP headers {}
D, [2020-06-16T04:45:52.910068 #6236] DEBUG -- : REQUESTING PAGE: POST /inicio with {"nuevoCodigo"=>"12345"} and HTTP headers {"HTTP_REFERER"=>"/inicio"}
D, [2020-06-16T04:45:52.942211 #6236] DEBUG -- : REQUESTING PAGE: GET /juego with {} and HTTP headers {"HTTP_REFERER"=>"/inicio"}
D, [2020-06-16T04:48:04.871529 #20780] DEBUG -- : REQUESTING PAGE: GET / with {} and HTTP headers {}
D, [2020-06-16T04:48:05.263259 #20780] DEBUG -- : REQUESTING PAGE: POST / with {"nombre"=>"mi_nombre"} and HTTP headers {"HTTP_REFERER"=>"/"}
D, [2020-06-16T04:48:05.379742 #20780] DEBUG -- : REQUESTING PAGE: GET /inicio with {} and HTTP headers {}
D, [2020-06-16T04:48:05.397294 #20780] DEBUG -- : REQUESTING PAGE: POST opciones with {} and HTTP headers {"HTTP_REFERER"=>"/inicio"}
D, [2020-06-16T04:48:05.420211 #20780] DEBUG -- : REQUESTING PAGE: POST confirmarCambios with {"dificultades"=>"Facil"} and HTTP headers {"HTTP_REFERER"=>"opciones"}
D, [2020-06-16T04:48:05.487784 #20780] DEBUG -- : REQUESTING PAGE: GET /inicio with {} and HTTP headers {}
D, [2020-06-16T04:48:05.514757 #20780] DEBUG -- : REQUESTING PAGE: POST /inicio with {"nuevoCodigo"=>"12345"} and HTTP headers {"HTTP_REFERER"=>"/inicio"}
D, [2020-06-16T04:48:05.568043 #20780] DEBUG -- : REQUESTING PAGE: GET /inicio with {} and HTTP headers {}
D, [2020-06-16T04:48:05.595679 #20780] DEBUG -- : REQUESTING PAGE: POST /inicio with {"nuevoCodigo"=>"12345"} and HTTP headers {"HTTP_REFERER"=>"/inicio"}
D, [2020-06-16T04:48:05.630042 #20780] DEBUG -- : REQUESTING PAGE: GET /juego with {} and HTTP headers {"HTTP_REFERER"=>"/inicio"}
D, [2020-06-16T04:48:29.258092 #21232] DEBUG -- : REQUESTING PAGE: GET / with {} and HTTP headers {}
D, [2020-06-16T04:48:29.607220 #21232] DEBUG -- : REQUESTING PAGE: POST / with {"nombre"=>"mi_nombre"} and HTTP headers {"HTTP_REFERER"=>"/"}
D, [2020-06-16T04:48:29.731468 #21232] DEBUG -- : REQUESTING PAGE: GET /inicio with {} and HTTP headers {}
D, [2020-06-16T04:48:29.756165 #21232] DEBUG -- : REQUESTING PAGE: POST opciones with {} and HTTP headers {"HTTP_REFERER"=>"/inicio"}
D, [2020-06-16T04:48:29.850680 #21232] DEBUG -- : REQUESTING PAGE: GET /inicio with {} and HTTP headers {}
D, [2020-06-16T04:48:29.889052 #21232] DEBUG -- : REQUESTING PAGE: POST /inicio with {"nuevoCodigo"=>"12345"} and HTTP headers {"HTTP_REFERER"=>"/inicio"}
D, [2020-06-16T04:48:29.948923 #21232] DEBUG -- : REQUESTING PAGE: GET /inicio with {} and HTTP headers {}
D, [2020-06-16T04:48:29.992035 #21232] DEBUG -- : REQUESTING PAGE: POST /inicio with {"nuevoCodigo"=>"12345"} and HTTP headers {"HTTP_REFERER"=>"/inicio"}
D, [2020-06-16T04:48:30.033265 #21232] DEBUG -- : REQUESTING PAGE: GET /juego with {} and HTTP headers {"HTTP_REFERER"=>"/inicio"}
D, [2020-06-16T04:53:17.599109 #20016] DEBUG -- : REQUESTING PAGE: GET / with {} and HTTP headers {}
D, [2020-06-16T04:53:17.928031 #20016] DEBUG -- : REQUESTING PAGE: POST / with {"nombre"=>"mi_nombre"} and HTTP headers {"HTTP_REFERER"=>"/"}
D, [2020-06-16T04:53:18.066767 #20016] DEBUG -- : REQUESTING PAGE: GET /inicio with {} and HTTP headers {}
D, [2020-06-16T04:53:18.088050 #20016] DEBUG -- : REQUESTING PAGE: POST opciones with {} and HTTP headers {"HTTP_REFERER"=>"/inicio"}
D, [2020-06-16T04:53:18.208603 #20016] DEBUG -- : REQUESTING PAGE: GET /inicio with {} and HTTP headers {}
D, [2020-06-16T04:53:18.242617 #20016] DEBUG -- : REQUESTING PAGE: POST /inicio with {"nuevoCodigo"=>"12345"} and HTTP headers {"HTTP_REFERER"=>"/inicio"}
D, [2020-06-16T04:53:18.313175 #20016] DEBUG -- : REQUESTING PAGE: GET /inicio with {} and HTTP headers {}
D, [2020-06-16T04:53:18.355394 #20016] DEBUG -- : REQUESTING PAGE: POST /inicio with {"nuevoCodigo"=>"12345"} and HTTP headers {"HTTP_REFERER"=>"/inicio"}
D, [2020-06-16T04:53:18.385805 #20016] DEBUG -- : REQUESTING PAGE: GET /juego with {} and HTTP headers {"HTTP_REFERER"=>"/inicio"}
D, [2020-06-16T04:53:18.473915 #20016] DEBUG -- : REQUESTING PAGE: GET /inicio with {} and HTTP headers {}
D, [2020-06-16T04:53:18.508186 #20016] DEBUG -- : REQUESTING PAGE: POST /inicio with {"nuevoCodigo"=>"12345"} and HTTP headers {"HTTP_REFERER"=>"/inicio"}
D, [2020-06-16T04:53:18.540649 #20016] DEBUG -- : REQUESTING PAGE: GET /juego with {} and HTTP headers {"HTTP_REFERER"=>"/inicio"}
D, [2020-06-16T04:54:57.341601 #9504] DEBUG -- : REQUESTING PAGE: GET / with {} and HTTP headers {}
D, [2020-06-16T04:54:57.692175 #9504] DEBUG -- : REQUESTING PAGE: POST / with {"nombre"=>"mi_nombre"} and HTTP headers {"HTTP_REFERER"=>"/"}
D, [2020-06-16T04:54:57.832600 #9504] DEBUG -- : REQUESTING PAGE: GET /inicio with {} and HTTP headers {}
D, [2020-06-16T04:54:57.852939 #9504] DEBUG -- : REQUESTING PAGE: POST opciones with {} and HTTP headers {"HTTP_REFERER"=>"/inicio"}
D, [2020-06-16T04:54:57.975748 #9504] DEBUG -- : REQUESTING PAGE: GET /inicio with {} and HTTP headers {}
D, [2020-06-16T04:54:58.014482 #9504] DEBUG -- : REQUESTING PAGE: POST /inicio with {"nuevoCodigo"=>"12345"} and HTTP headers {"HTTP_REFERER"=>"/inicio"}
D, [2020-06-16T04:54:58.083797 #9504] DEBUG -- : REQUESTING PAGE: GET /inicio with {} and HTTP headers {}
D, [2020-06-16T04:54:58.117420 #9504] DEBUG -- : REQUESTING PAGE: POST /inicio with {"nuevoCodigo"=>"12345"} and HTTP headers {"HTTP_REFERER"=>"/inicio"}
D, [2020-06-16T04:54:58.159625 #9504] DEBUG -- : REQUESTING PAGE: GET /juego with {} and HTTP headers {"HTTP_REFERER"=>"/inicio"}
D, [2020-06-16T04:54:58.231963 #9504] DEBUG -- : REQUESTING PAGE: GET /inicio with {} and HTTP headers {}
D, [2020-06-16T04:54:58.261486 #9504] DEBUG -- : REQUESTING PAGE: POST /inicio with {"nuevoCodigo"=>"12345"} and HTTP headers {"HTTP_REFERER"=>"/inicio"}
D, [2020-06-16T04:54:58.287088 #9504] DEBUG -- : REQUESTING PAGE: GET /juego with {} and HTTP headers {"HTTP_REFERER"=>"/inicio"}
D, [2020-06-16T04:56:10.559215 #15076] DEBUG -- : REQUESTING PAGE: GET / with {} and HTTP headers {}
D, [2020-06-16T04:56:10.891913 #15076] DEBUG -- : REQUESTING PAGE: POST / with {"nombre"=>"mi_nombre"} and HTTP headers {"HTTP_REFERER"=>"/"}
D, [2020-06-16T04:56:11.007476 #15076] DEBUG -- : REQUESTING PAGE: GET /inicio with {} and HTTP headers {}
D, [2020-06-16T04:56:11.033113 #15076] DEBUG -- : REQUESTING PAGE: POST opciones with {} and HTTP headers {"HTTP_REFERER"=>"/inicio"}
D, [2020-06-16T04:56:11.142334 #15076] DEBUG -- : REQUESTING PAGE: GET /inicio with {} and HTTP headers {}
D, [2020-06-16T04:56:11.174163 #15076] DEBUG -- : REQUESTING PAGE: POST /inicio with {"nuevoCodigo"=>"12345"} and HTTP headers {"HTTP_REFERER"=>"/inicio"}
D, [2020-06-16T04:56:11.235159 #15076] DEBUG -- : REQUESTING PAGE: GET /inicio with {} and HTTP headers {}
D, [2020-06-16T04:56:11.280454 #15076] DEBUG -- : REQUESTING PAGE: POST /inicio with {"nuevoCodigo"=>"12345"} and HTTP headers {"HTTP_REFERER"=>"/inicio"}
D, [2020-06-16T04:56:11.313358 #15076] DEBUG -- : REQUESTING PAGE: GET /juego with {} and HTTP headers {"HTTP_REFERER"=>"/inicio"}
D, [2020-06-16T04:56:11.381377 #15076] DEBUG -- : REQUESTING PAGE: GET /inicio with {} and HTTP headers {}
D, [2020-06-16T04:56:11.407493 #15076] DEBUG -- : REQUESTING PAGE: POST /inicio with {"nuevoCodigo"=>"12345"} and HTTP headers {"HTTP_REFERER"=>"/inicio"}
D, [2020-06-16T04:56:11.439838 #15076] DEBUG -- : REQUESTING PAGE: GET /juego with {} and HTTP headers {"HTTP_REFERER"=>"/inicio"}
D, [2020-06-16T04:57:17.310525 #18212] DEBUG -- : REQUESTING PAGE: GET / with {} and HTTP headers {}
D, [2020-06-16T04:57:17.647075 #18212] DEBUG -- : REQUESTING PAGE: POST / with {"nombre"=>"mi_nombre"} and HTTP headers {"HTTP_REFERER"=>"/"}
D, [2020-06-16T04:57:17.756749 #18212] DEBUG -- : REQUESTING PAGE: GET /inicio with {} and HTTP headers {}
D, [2020-06-16T04:57:17.771441 #18212] DEBUG -- : REQUESTING PAGE: POST opciones with {} and HTTP headers {"HTTP_REFERER"=>"/inicio"}
D, [2020-06-16T04:57:17.847119 #18212] DEBUG -- : REQUESTING PAGE: GET /inicio with {} and HTTP headers {}
D, [2020-06-16T04:57:17.875623 #18212] DEBUG -- : REQUESTING PAGE: POST /inicio with {"nuevoCodigo"=>"12345"} and HTTP headers {"HTTP_REFERER"=>"/inicio"}
D, [2020-06-16T04:57:17.940704 #18212] DEBUG -- : REQUESTING PAGE: GET /inicio with {} and HTTP headers {}
D, [2020-06-16T04:57:17.966934 #18212] DEBUG -- : REQUESTING PAGE: POST /inicio with {"nuevoCodigo"=>"12345"} and HTTP headers {"HTTP_REFERER"=>"/inicio"}
D, [2020-06-16T04:57:17.994125 #18212] DEBUG -- : REQUESTING PAGE: GET /juego with {} and HTTP headers {"HTTP_REFERER"=>"/inicio"}
D, [2020-06-16T04:57:18.058955 #18212] DEBUG -- : REQUESTING PAGE: GET /inicio with {} and HTTP headers {}
D, [2020-06-16T04:57:18.084915 #18212] DEBUG -- : REQUESTING PAGE: POST /inicio with {"nuevoCodigo"=>"12345"} and HTTP headers {"HTTP_REFERER"=>"/inicio"}
D, [2020-06-16T04:57:18.118433 #18212] DEBUG -- : REQUESTING PAGE: GET /juego with {} and HTTP headers {"HTTP_REFERER"=>"/inicio"}
D, [2020-06-16T04:57:18.144706 #18212] DEBUG -- : REQUESTING PAGE: POST /juego with "field_name=value" and HTTP headers {"HTTP_REFERER"=>"/juego"}
D, [2020-06-16T05:01:49.506866 #21260] DEBUG -- : REQUESTING PAGE: GET / with {} and HTTP headers {}
D, [2020-06-16T05:01:49.992056 #21260] DEBUG -- : REQUESTING PAGE: POST / with {"nombre"=>"mi_nombre"} and HTTP headers {"HTTP_REFERER"=>"/"}
D, [2020-06-16T05:01:50.178097 #21260] DEBUG -- : REQUESTING PAGE: GET /inicio with {} and HTTP headers {}
D, [2020-06-16T05:01:50.210861 #21260] DEBUG -- : REQUESTING PAGE: POST opciones with {} and HTTP headers {"HTTP_REFERER"=>"/inicio"}
D, [2020-06-16T05:01:50.403508 #21260] DEBUG -- : REQUESTING PAGE: GET /inicio with {} and HTTP headers {}
D, [2020-06-16T05:01:50.443808 #21260] DEBUG -- : REQUESTING PAGE: POST /inicio with {"nuevoCodigo"=>"12345"} and HTTP headers {"HTTP_REFERER"=>"/inicio"}
D, [2020-06-16T05:01:50.580427 #21260] DEBUG -- : REQUESTING PAGE: GET /inicio with {} and HTTP headers {}
D, [2020-06-16T05:01:50.630880 #21260] DEBUG -- : REQUESTING PAGE: POST /inicio with {"nuevoCodigo"=>"12345"} and HTTP headers {"HTTP_REFERER"=>"/inicio"}
D, [2020-06-16T05:01:50.688612 #21260] DEBUG -- : REQUESTING PAGE: GET /juego with {} and HTTP headers {"HTTP_REFERER"=>"/inicio"}
D, [2020-06-16T05:01:50.831207 #21260] DEBUG -- : REQUESTING PAGE: GET /inicio with {} and HTTP headers {}
D, [2020-06-16T05:01:50.886824 #21260] DEBUG -- : REQUESTING PAGE: POST /inicio with {"nuevoCodigo"=>"12345"} and HTTP headers {"HTTP_REFERER"=>"/inicio"}
D, [2020-06-16T05:01:50.941999 #21260] DEBUG -- : REQUESTING PAGE: GET /juego with {} and HTTP headers {"HTTP_REFERER"=>"/inicio"}
D, [2020-06-16T05:01:50.994669 #21260] DEBUG -- : REQUESTING PAGE: POST /juego with {} and HTTP headers {"HTTP_REFERER"=>"/juego"}
D, [2020-06-16T05:03:33.358359 #9044] DEBUG -- : REQUESTING PAGE: GET / with {} and HTTP headers {}
D, [2020-06-16T05:03:33.715889 #9044] DEBUG -- : REQUESTING PAGE: POST / with {"nombre"=>"mi_nombre"} and HTTP headers {"HTTP_REFERER"=>"/"}
D, [2020-06-16T05:03:33.896737 #9044] DEBUG -- : REQUESTING PAGE: GET /inicio with {} and HTTP headers {}
D, [2020-06-16T05:03:33.928935 #9044] DEBUG -- : REQUESTING PAGE: POST opciones with {} and HTTP headers {"HTTP_REFERER"=>"/inicio"}
D, [2020-06-16T05:03:34.117587 #9044] DEBUG -- : REQUESTING PAGE: GET /inicio with {} and HTTP headers {}
D, [2020-06-16T05:03:34.171721 #9044] DEBUG -- : REQUESTING PAGE: POST /inicio with {"nuevoCodigo"=>"12345"} and HTTP headers {"HTTP_REFERER"=>"/inicio"}
D, [2020-06-16T05:03:34.313899 #9044] DEBUG -- : REQUESTING PAGE: GET /inicio with {} and HTTP headers {}
D, [2020-06-16T05:03:34.384740 #9044] DEBUG -- : REQUESTING PAGE: POST /inicio with {"nuevoCodigo"=>"12345"} and HTTP headers {"HTTP_REFERER"=>"/inicio"}
D, [2020-06-16T05:03:34.439993 #9044] DEBUG -- : REQUESTING PAGE: GET /juego with {} and HTTP headers {"HTTP_REFERER"=>"/inicio"}
D, [2020-06-16T05:03:34.569976 #9044] DEBUG -- : REQUESTING PAGE: GET /inicio with {} and HTTP headers {}
D, [2020-06-16T05:03:34.614651 #9044] DEBUG -- : REQUESTING PAGE: POST /inicio with {"nuevoCodigo"=>"12345"} and HTTP headers {"HTTP_REFERER"=>"/inicio"}
D, [2020-06-16T05:03:34.676133 #9044] DEBUG -- : REQUESTING PAGE: GET /juego with {} and HTTP headers {"HTTP_REFERER"=>"/inicio"}
D, [2020-06-16T05:03:34.734929 #9044] DEBUG -- : REQUESTING PAGE: GET /juego with {} and HTTP headers {"HTTP_REFERER"=>"/juego"}
D, [2020-06-16T05:06:20.957865 #19804] DEBUG -- : REQUESTING PAGE: GET / with {} and HTTP headers {}
D, [2020-06-16T05:06:21.333051 #19804] DEBUG -- : REQUESTING PAGE: POST / with {"nombre"=>"mi_nombre"} and HTTP headers {"HTTP_REFERER"=>"/"}
D, [2020-06-16T05:06:21.530885 #19804] DEBUG -- : REQUESTING PAGE: GET /inicio with {} and HTTP headers {}
D, [2020-06-16T05:06:21.573125 #19804] DEBUG -- : REQUESTING PAGE: POST opciones with {} and HTTP headers {"HTTP_REFERER"=>"/inicio"}
D, [2020-06-16T05:06:21.751193 #19804] DEBUG -- : REQUESTING PAGE: GET /inicio with {} and HTTP headers {}
D, [2020-06-16T05:06:21.795200 #19804] DEBUG -- : REQUESTING PAGE: POST /inicio with {"nuevoCodigo"=>"12345"} and HTTP headers {"HTTP_REFERER"=>"/inicio"}
D, [2020-06-16T05:06:21.901565 #19804] DEBUG -- : REQUESTING PAGE: GET /inicio with {} and HTTP headers {}
D, [2020-06-16T05:06:21.951364 #19804] DEBUG -- : REQUESTING PAGE: POST /inicio with {"nuevoCodigo"=>"12345"} and HTTP headers {"HTTP_REFERER"=>"/inicio"}
D, [2020-06-16T05:06:22.000030 #19804] DEBUG -- : REQUESTING PAGE: GET /juego with {} and HTTP headers {"HTTP_REFERER"=>"/inicio"}
D, [2020-06-16T05:06:22.118062 #19804] DEBUG -- : REQUESTING PAGE: GET /inicio with {} and HTTP headers {}
D, [2020-06-16T05:06:22.165203 #19804] DEBUG -- : REQUESTING PAGE: POST /inicio with {"nuevoCodigo"=>"12345"} and HTTP headers {"HTTP_REFERER"=>"/inicio"}
D, [2020-06-16T05:06:22.206671 #19804] DEBUG -- : REQUESTING PAGE: GET /juego with {} and HTTP headers {"HTTP_REFERER"=>"/inicio"}
D, [2020-06-16T05:06:22.257616 #19804] DEBUG -- : REQUESTING PAGE: GET /juego with {} and HTTP headers {"HTTP_REFERER"=>"/juego"}
D, [2020-06-16T05:12:43.928851 #11420] DEBUG -- : REQUESTING PAGE: GET / with {} and HTTP headers {}
D, [2020-06-16T05:12:44.274162 #11420] DEBUG -- : REQUESTING PAGE: POST / with {"nombre"=>"mi_nombre"} and HTTP headers {"HTTP_REFERER"=>"/"}
D, [2020-06-16T05:12:44.451062 #11420] DEBUG -- : REQUESTING PAGE: GET /inicio with {} and HTTP headers {}
D, [2020-06-16T05:12:44.483104 #11420] DEBUG -- : REQUESTING PAGE: POST opciones with {} and HTTP headers {"HTTP_REFERER"=>"/inicio"}
D, [2020-06-16T05:12:44.709655 #11420] DEBUG -- : REQUESTING PAGE: GET /inicio with {} and HTTP headers {}
D, [2020-06-16T05:12:44.767967 #11420] DEBUG -- : REQUESTING PAGE: POST /inicio with {"nuevoCodigo"=>"12345"} and HTTP headers {"HTTP_REFERER"=>"/inicio"}
D, [2020-06-16T05:12:44.932568 #11420] DEBUG -- : REQUESTING PAGE: GET /inicio with {} and HTTP headers {}
D, [2020-06-16T05:12:44.989023 #11420] DEBUG -- : REQUESTING PAGE: POST /inicio with {"nuevoCodigo"=>"12345"} and HTTP headers {"HTTP_REFERER"=>"/inicio"}
D, [2020-06-16T05:12:45.053585 #11420] DEBUG -- : REQUESTING PAGE: GET /juego with {} and HTTP headers {"HTTP_REFERER"=>"/inicio"}
D, [2020-06-16T05:12:45.219147 #11420] DEBUG -- : REQUESTING PAGE: GET /inicio with {} and HTTP headers {}
D, [2020-06-16T05:12:45.278057 #11420] DEBUG -- : REQUESTING PAGE: POST /inicio with {"nuevoCodigo"=>"12345"} and HTTP headers {"HTTP_REFERER"=>"/inicio"}
D, [2020-06-16T05:12:45.343214 #11420] DEBUG -- : REQUESTING PAGE: GET /juego with {} and HTTP headers {"HTTP_REFERER"=>"/inicio"}
D, [2020-06-16T05:12:45.400458 #11420] DEBUG -- : REQUESTING PAGE: GET /juego with {} and HTTP headers {"HTTP_REFERER"=>"/juego"}
D, [2020-06-16T05:12:45.583907 #11420] DEBUG -- : REQUESTING PAGE: GET /inicio with {} and HTTP headers {}
D, [2020-06-16T05:12:45.644969 #11420] DEBUG -- : REQUESTING PAGE: POST /inicio with {"nuevoCodigo"=>"12345"} and HTTP headers {"HTTP_REFERER"=>"/inicio"}
D, [2020-06-16T05:12:45.698652 #11420] DEBUG -- : REQUESTING PAGE: GET /juego with {} and HTTP headers {"HTTP_REFERER"=>"/inicio"}
D, [2020-06-16T05:12:45.761271 #11420] DEBUG -- : REQUESTING PAGE: GET /juego with {} and HTTP headers {"HTTP_REFERER"=>"/juego"}
D, [2020-06-16T05:14:56.925883 #20100] DEBUG -- : REQUESTING PAGE: GET / with {} and HTTP headers {}
D, [2020-06-16T05:14:57.272974 #20100] DEBUG -- : REQUESTING PAGE: POST / with {"nombre"=>"mi_nombre"} and HTTP headers {"HTTP_REFERER"=>"/"}
D, [2020-06-16T05:14:57.477882 #20100] DEBUG -- : REQUESTING PAGE: GET /inicio with {} and HTTP headers {}
D, [2020-06-16T05:14:57.512774 #20100] DEBUG -- : REQUESTING PAGE: POST opciones with {} and HTTP headers {"HTTP_REFERER"=>"/inicio"}
D, [2020-06-16T05:14:57.720653 #20100] DEBUG -- : REQUESTING PAGE: GET /inicio with {} and HTTP headers {}
D, [2020-06-16T05:14:57.777364 #20100] DEBUG -- : REQUESTING PAGE: POST /inicio with {"nuevoCodigo"=>"12345"} and HTTP headers {"HTTP_REFERER"=>"/inicio"}
D, [2020-06-16T05:14:57.897390 #20100] DEBUG -- : REQUESTING PAGE: GET /inicio with {} and HTTP headers {}
D, [2020-06-16T05:14:57.948393 #20100] DEBUG -- : REQUESTING PAGE: POST /inicio with {"nuevoCodigo"=>"12345"} and HTTP headers {"HTTP_REFERER"=>"/inicio"}
D, [2020-06-16T05:14:58.004218 #20100] DEBUG -- : REQUESTING PAGE: GET /juego with {} and HTTP headers {"HTTP_REFERER"=>"/inicio"}
D, [2020-06-16T05:14:58.186285 #20100] DEBUG -- : REQUESTING PAGE: GET /inicio with {} and HTTP headers {}
D, [2020-06-16T05:14:58.239053 #20100] DEBUG -- : REQUESTING PAGE: POST /inicio with {"nuevoCodigo"=>"12345"} and HTTP headers {"HTTP_REFERER"=>"/inicio"}
D, [2020-06-16T05:14:58.307884 #20100] DEBUG -- : REQUESTING PAGE: GET /juego with {} and HTTP headers {"HTTP_REFERER"=>"/inicio"}
D, [2020-06-16T05:14:58.358859 #20100] DEBUG -- : REQUESTING PAGE: GET /juego with {} and HTTP headers {"HTTP_REFERER"=>"/juego"}
D, [2020-06-16T05:14:58.593254 #20100] DEBUG -- : REQUESTING PAGE: GET /inicio with {} and HTTP headers {}
D, [2020-06-16T05:14:58.656419 #20100] DEBUG -- : REQUESTING PAGE: POST /inicio with {"nuevoCodigo"=>"12345"} and HTTP headers {"HTTP_REFERER"=>"/inicio"}
D, [2020-06-16T05:14:58.709403 #20100] DEBUG -- : REQUESTING PAGE: GET /juego with {} and HTTP headers {"HTTP_REFERER"=>"/inicio"}
D, [2020-06-16T05:14:58.776218 #20100] DEBUG -- : REQUESTING PAGE: GET /juego with {} and HTTP headers {"HTTP_REFERER"=>"/juego"}
D, [2020-06-16T05:16:32.428990 #22244] DEBUG -- : REQUESTING PAGE: GET / with {} and HTTP headers {}
D, [2020-06-16T05:16:32.784978 #22244] DEBUG -- : REQUESTING PAGE: POST / with {"nombre"=>"mi_nombre"} and HTTP headers {"HTTP_REFERER"=>"/"}
D, [2020-06-16T05:16:32.994036 #22244] DEBUG -- : REQUESTING PAGE: GET /inicio with {} and HTTP headers {}
D, [2020-06-16T05:16:33.028149 #22244] DEBUG -- : REQUESTING PAGE: POST opciones with {} and HTTP headers {"HTTP_REFERER"=>"/inicio"}
D, [2020-06-16T05:16:33.244437 #22244] DEBUG -- : REQUESTING PAGE: GET /inicio with {} and HTTP headers {}
D, [2020-06-16T05:16:33.299197 #22244] DEBUG -- : REQUESTING PAGE: POST /inicio with {"nuevoCodigo"=>"12345"} and HTTP headers {"HTTP_REFERER"=>"/inicio"}
D, [2020-06-16T05:16:33.442514 #22244] DEBUG -- : REQUESTING PAGE: GET /inicio with {} and HTTP headers {}
D, [2020-06-16T05:16:33.488148 #22244] DEBUG -- : REQUESTING PAGE: POST /inicio with {"nuevoCodigo"=>"12345"} and HTTP headers {"HTTP_REFERER"=>"/inicio"}
D, [2020-06-16T05:16:33.542408 #22244] DEBUG -- : REQUESTING PAGE: GET /juego with {} and HTTP headers {"HTTP_REFERER"=>"/inicio"}
D, [2020-06-16T05:16:33.675285 #22244] DEBUG -- : REQUESTING PAGE: GET /inicio with {} and HTTP headers {}
D, [2020-06-16T05:16:33.720104 #22244] DEBUG -- : REQUESTING PAGE: POST /inicio with {"nuevoCodigo"=>"12345"} and HTTP headers {"HTTP_REFERER"=>"/inicio"}
D, [2020-06-16T05:16:33.772949 #22244] DEBUG -- : REQUESTING PAGE: GET /juego with {} and HTTP headers {"HTTP_REFERER"=>"/inicio"}
D, [2020-06-16T05:16:33.825371 #22244] DEBUG -- : REQUESTING PAGE: GET /juego with {} and HTTP headers {"HTTP_REFERER"=>"/juego"}
D, [2020-06-16T05:16:33.984029 #22244] DEBUG -- : REQUESTING PAGE: GET /inicio with {} and HTTP headers {}
D, [2020-06-16T05:16:34.037739 #22244] DEBUG -- : REQUESTING PAGE: POST /inicio with {"nuevoCodigo"=>"12345"} and HTTP headers {"HTTP_REFERER"=>"/inicio"}
D, [2020-06-16T05:16:34.101243 #22244] DEBUG -- : REQUESTING PAGE: GET /juego with {} and HTTP headers {"HTTP_REFERER"=>"/inicio"}
D, [2020-06-16T05:16:34.169396 #22244] DEBUG -- : REQUESTING PAGE: GET /juego with {} and HTTP headers {"HTTP_REFERER"=>"/juego"}
D, [2020-06-16T05:17:06.343474 #16148] DEBUG -- : REQUESTING PAGE: GET / with {} and HTTP headers {}
D, [2020-06-16T05:17:06.693036 #16148] DEBUG -- : REQUESTING PAGE: POST / with {"nombre"=>"mi_nombre"} and HTTP headers {"HTTP_REFERER"=>"/"}
D, [2020-06-16T05:17:06.878503 #16148] DEBUG -- : REQUESTING PAGE: GET /inicio with {} and HTTP headers {}
D, [2020-06-16T05:17:06.909869 #16148] DEBUG -- : REQUESTING PAGE: POST opciones with {} and HTTP headers {"HTTP_REFERER"=>"/inicio"}
D, [2020-06-16T05:17:07.118159 #16148] DEBUG -- : REQUESTING PAGE: GET /inicio with {} and HTTP headers {}
D, [2020-06-16T05:17:07.176454 #16148] DEBUG -- : REQUESTING PAGE: POST /inicio with {"nuevoCodigo"=>"12345"} and HTTP headers {"HTTP_REFERER"=>"/inicio"}
D, [2020-06-16T05:17:07.313327 #16148] DEBUG -- : REQUESTING PAGE: GET /inicio with {} and HTTP headers {}
D, [2020-06-16T05:17:07.366308 #16148] DEBUG -- : REQUESTING PAGE: POST /inicio with {"nuevoCodigo"=>"12345"} and HTTP headers {"HTTP_REFERER"=>"/inicio"}
D, [2020-06-16T05:17:07.430497 #16148] DEBUG -- : REQUESTING PAGE: GET /juego with {} and HTTP headers {"HTTP_REFERER"=>"/inicio"}
D, [2020-06-16T05:17:07.591172 #16148] DEBUG -- : REQUESTING PAGE: GET /inicio with {} and HTTP headers {}
D, [2020-06-16T05:17:07.647176 #16148] DEBUG -- : REQUESTING PAGE: POST /inicio with {"nuevoCodigo"=>"12345"} and HTTP headers {"HTTP_REFERER"=>"/inicio"}
D, [2020-06-16T05:17:07.708175 #16148] DEBUG -- : REQUESTING PAGE: GET /juego with {} and HTTP headers {"HTTP_REFERER"=>"/inicio"}
D, [2020-06-16T05:17:07.766698 #16148] DEBUG -- : REQUESTING PAGE: GET /juego with {} and HTTP headers {"HTTP_REFERER"=>"/juego"}
D, [2020-06-16T05:17:07.990803 #16148] DEBUG -- : REQUESTING PAGE: GET /inicio with {} and HTTP headers {}
D, [2020-06-16T05:17:08.047442 #16148] DEBUG -- : REQUESTING PAGE: POST /inicio with {"nuevoCodigo"=>"12345"} and HTTP headers {"HTTP_REFERER"=>"/inicio"}
D, [2020-06-16T05:17:08.107732 #16148] DEBUG -- : REQUESTING PAGE: GET /juego with {} and HTTP headers {"HTTP_REFERER"=>"/inicio"}
D, [2020-06-16T05:17:08.165872 #16148] DEBUG -- : REQUESTING PAGE: GET /juego with {} and HTTP headers {"HTTP_REFERER"=>"/juego"}
D, [2020-06-16T05:18:14.718831 #20160] DEBUG -- : REQUESTING PAGE: GET / with {} and HTTP headers {}
D, [2020-06-16T05:18:15.063805 #20160] DEBUG -- : REQUESTING PAGE: POST / with {"nombre"=>"mi_nombre"} and HTTP headers {"HTTP_REFERER"=>"/"}
D, [2020-06-16T05:18:15.279134 #20160] DEBUG -- : REQUESTING PAGE: GET /inicio with {} and HTTP headers {}
D, [2020-06-16T05:18:15.313514 #20160] DEBUG -- : REQUESTING PAGE: POST opciones with {} and HTTP headers {"HTTP_REFERER"=>"/inicio"}
D, [2020-06-16T05:18:15.524553 #20160] DEBUG -- : REQUESTING PAGE: GET /inicio with {} and HTTP headers {}
D, [2020-06-16T05:18:15.580280 #20160] DEBUG -- : REQUESTING PAGE: POST /inicio with {"nuevoCodigo"=>"12345"} and HTTP headers {"HTTP_REFERER"=>"/inicio"}
D, [2020-06-16T05:18:15.715188 #20160] DEBUG -- : REQUESTING PAGE: GET /inicio with {} and HTTP headers {}
D, [2020-06-16T05:18:15.766156 #20160] DEBUG -- : REQUESTING PAGE: POST /inicio with {"nuevoCodigo"=>"12345"} and HTTP headers {"HTTP_REFERER"=>"/inicio"}
D, [2020-06-16T05:18:15.833944 #20160] DEBUG -- : REQUESTING PAGE: GET /juego with {} and HTTP headers {"HTTP_REFERER"=>"/inicio"}
D, [2020-06-16T05:18:15.969102 #20160] DEBUG -- : REQUESTING PAGE: GET /inicio with {} and HTTP headers {}
D, [2020-06-16T05:18:16.019085 #20160] DEBUG -- : REQUESTING PAGE: POST /inicio with {"nuevoCodigo"=>"12345"} and HTTP headers {"HTTP_REFERER"=>"/inicio"}
D, [2020-06-16T05:18:16.077290 #20160] DEBUG -- : REQUESTING PAGE: GET /juego with {} and HTTP headers {"HTTP_REFERER"=>"/inicio"}
D, [2020-06-16T05:18:16.139495 #20160] DEBUG -- : REQUESTING PAGE: GET /juego with {} and HTTP headers {"HTTP_REFERER"=>"/juego"}
D, [2020-06-16T05:18:16.347960 #20160] DEBUG -- : REQUESTING PAGE: GET /inicio with {} and HTTP headers {}
D, [2020-06-16T05:18:16.396282 #20160] DEBUG -- : REQUESTING PAGE: POST /inicio with {"nuevoCodigo"=>"12345"} and HTTP headers {"HTTP_REFERER"=>"/inicio"}
D, [2020-06-16T05:18:16.449543 #20160] DEBUG -- : REQUESTING PAGE: GET /juego with {} and HTTP headers {"HTTP_REFERER"=>"/inicio"}
D, [2020-06-16T05:18:16.510921 #20160] DEBUG -- : REQUESTING PAGE: GET /juego with {} and HTTP headers {"HTTP_REFERER"=>"/juego"}
D, [2020-06-16T05:18:47.691184 #16796] DEBUG -- : REQUESTING PAGE: GET / with {} and HTTP headers {}
D, [2020-06-16T05:18:48.033055 #16796] DEBUG -- : REQUESTING PAGE: POST / with {"nombre"=>"mi_nombre"} and HTTP headers {"HTTP_REFERER"=>"/"}
D, [2020-06-16T05:18:48.231561 #16796] DEBUG -- : REQUESTING PAGE: GET /inicio with {} and HTTP headers {}
D, [2020-06-16T05:18:48.276832 #16796] DEBUG -- : REQUESTING PAGE: POST opciones with {} and HTTP headers {"HTTP_REFERER"=>"/inicio"}
D, [2020-06-16T05:18:48.473747 #16796] DEBUG -- : REQUESTING PAGE: GET /inicio with {} and HTTP headers {}
D, [2020-06-16T05:18:48.519140 #16796] DEBUG -- : REQUESTING PAGE: POST /inicio with {"nuevoCodigo"=>"12345"} and HTTP headers {"HTTP_REFERER"=>"/inicio"}
D, [2020-06-16T05:18:48.633109 #16796] DEBUG -- : REQUESTING PAGE: GET /inicio with {} and HTTP headers {}
D, [2020-06-16T05:18:48.682581 #16796] DEBUG -- : REQUESTING PAGE: POST /inicio with {"nuevoCodigo"=>"12345"} and HTTP headers {"HTTP_REFERER"=>"/inicio"}
D, [2020-06-16T05:18:48.733593 #16796] DEBUG -- : REQUESTING PAGE: GET /juego with {} and HTTP headers {"HTTP_REFERER"=>"/inicio"}
D, [2020-06-16T05:18:48.879023 #16796] DEBUG -- : REQUESTING PAGE: GET /inicio with {} and HTTP headers {}
D, [2020-06-16T05:18:48.928796 #16796] DEBUG -- : REQUESTING PAGE: POST /inicio with {"nuevoCodigo"=>"12345"} and HTTP headers {"HTTP_REFERER"=>"/inicio"}
D, [2020-06-16T05:18:48.974360 #16796] DEBUG -- : REQUESTING PAGE: GET /juego with {} and HTTP headers {"HTTP_REFERER"=>"/inicio"}
D, [2020-06-16T05:18:49.017995 #16796] DEBUG -- : REQUESTING PAGE: GET /juego with {} and HTTP headers {"HTTP_REFERER"=>"/juego"}
D, [2020-06-16T05:18:49.049840 #16796] DEBUG -- : REQUESTING PAGE: GET /inicio with {} and HTTP headers {"HTTP_REFERER"=>"/juego"}
D, [2020-06-16T05:18:49.214247 #16796] DEBUG -- : REQUESTING PAGE: GET /inicio with {} and HTTP headers {}
D, [2020-06-16T05:18:49.271700 #16796] DEBUG -- : REQUESTING PAGE: POST /inicio with {"nuevoCodigo"=>"12345"} and HTTP headers {"HTTP_REFERER"=>"/inicio"}
D, [2020-06-16T05:18:49.328298 #16796] DEBUG -- : REQUESTING PAGE: GET /juego with {} and HTTP headers {"HTTP_REFERER"=>"/inicio"}
D, [2020-06-16T05:18:49.389190 #16796] DEBUG -- : REQUESTING PAGE: GET /juego with {} and HTTP headers {"HTTP_REFERER"=>"/juego"}
D, [2020-06-16T05:19:35.598537 #1352] DEBUG -- : REQUESTING PAGE: GET / with {} and HTTP headers {}
D, [2020-06-16T05:19:36.259420 #1352] DEBUG -- : REQUESTING PAGE: POST / with {"nombre"=>"mi_nombre"} and HTTP headers {"HTTP_REFERER"=>"/"}
D, [2020-06-16T05:19:36.518007 #1352] DEBUG -- : REQUESTING PAGE: GET /inicio with {} and HTTP headers {}
D, [2020-06-16T05:19:36.558702 #1352] DEBUG -- : REQUESTING PAGE: POST opciones with {} and HTTP headers {"HTTP_REFERER"=>"/inicio"}
D, [2020-06-16T05:19:36.790371 #1352] DEBUG -- : REQUESTING PAGE: GET /inicio with {} and HTTP headers {}
D, [2020-06-16T05:19:36.849768 #1352] DEBUG -- : REQUESTING PAGE: POST /inicio with {"nuevoCodigo"=>"12345"} and HTTP headers {"HTTP_REFERER"=>"/inicio"}
D, [2020-06-16T05:19:37.003861 #1352] DEBUG -- : REQUESTING PAGE: GET /inicio with {} and HTTP headers {}
D, [2020-06-16T05:19:37.062085 #1352] DEBUG -- : REQUESTING PAGE: POST /inicio with {"nuevoCodigo"=>"12345"} and HTTP headers {"HTTP_REFERER"=>"/inicio"}
D, [2020-06-16T05:19:37.119145 #1352] DEBUG -- : REQUESTING PAGE: GET /juego with {} and HTTP headers {"HTTP_REFERER"=>"/inicio"}
D, [2020-06-16T05:19:37.276611 #1352] DEBUG -- : REQUESTING PAGE: GET /inicio with {} and HTTP headers {}
D, [2020-06-16T05:19:37.335250 #1352] DEBUG -- : REQUESTING PAGE: POST /inicio with {"nuevoCodigo"=>"12345"} and HTTP headers {"HTTP_REFERER"=>"/inicio"}
D, [2020-06-16T05:19:37.395023 #1352] DEBUG -- : REQUESTING PAGE: GET /juego with {} and HTTP headers {"HTTP_REFERER"=>"/inicio"}
D, [2020-06-16T05:19:37.462499 #1352] DEBUG -- : REQUESTING PAGE: GET /juego with {} and HTTP headers {"HTTP_REFERER"=>"/juego"}
D, [2020-06-16T05:19:37.499359 #1352] DEBUG -- : REQUESTING PAGE: GET /inicio with {} and HTTP headers {"HTTP_REFERER"=>"/juego"}
D, [2020-06-16T05:19:37.543729 #1352] DEBUG -- : REQUESTING PAGE: GET /score with {} and HTTP headers {"HTTP_REFERER"=>"/inicio"}
D, [2020-06-16T05:19:37.744711 #1352] DEBUG -- : REQUESTING PAGE: GET /inicio with {} and HTTP headers {}
D, [2020-06-16T05:19:37.796247 #1352] DEBUG -- : REQUESTING PAGE: POST /inicio with {"nuevoCodigo"=>"12345"} and HTTP headers {"HTTP_REFERER"=>"/inicio"}
D, [2020-06-16T05:19:37.859096 #1352] DEBUG -- : REQUESTING PAGE: GET /juego with {} and HTTP headers {"HTTP_REFERER"=>"/inicio"}
D, [2020-06-16T05:19:37.910845 #1352] DEBUG -- : REQUESTING PAGE: GET /juego with {} and HTTP headers {"HTTP_REFERER"=>"/juego"}
D, [2020-06-16T05:19:58.733688 #14208] DEBUG -- : REQUESTING PAGE: GET / with {} and HTTP headers {}
D, [2020-06-16T05:19:59.076880 #14208] DEBUG -- : REQUESTING PAGE: POST / with {"nombre"=>"mi_nombre"} and HTTP headers {"HTTP_REFERER"=>"/"}
D, [2020-06-16T05:19:59.292628 #14208] DEBUG -- : REQUESTING PAGE: GET /inicio with {} and HTTP headers {}
D, [2020-06-16T05:19:59.325073 #14208] DEBUG -- : REQUESTING PAGE: POST opciones with {} and HTTP headers {"HTTP_REFERER"=>"/inicio"}
D, [2020-06-16T05:19:59.547087 #14208] DEBUG -- : REQUESTING PAGE: GET /inicio with {} and HTTP headers {}
D, [2020-06-16T05:19:59.602273 #14208] DEBUG -- : REQUESTING PAGE: POST /inicio with {"nuevoCodigo"=>"12345"} and HTTP headers {"HTTP_REFERER"=>"/inicio"}
D, [2020-06-16T05:19:59.747548 #14208] DEBUG -- : REQUESTING PAGE: GET /inicio with {} and HTTP headers {}
D, [2020-06-16T05:19:59.800643 #14208] DEBUG -- : REQUESTING PAGE: POST /inicio with {"nuevoCodigo"=>"12345"} and HTTP headers {"HTTP_REFERER"=>"/inicio"}
D, [2020-06-16T05:19:59.862616 #14208] DEBUG -- : REQUESTING PAGE: GET /juego with {} and HTTP headers {"HTTP_REFERER"=>"/inicio"}
D, [2020-06-16T05:20:00.041084 #14208] DEBUG -- : REQUESTING PAGE: GET /inicio with {} and HTTP headers {}
D, [2020-06-16T05:20:00.098454 #14208] DEBUG -- : REQUESTING PAGE: POST /inicio with {"nuevoCodigo"=>"12345"} and HTTP headers {"HTTP_REFERER"=>"/inicio"}
D, [2020-06-16T05:20:00.152147 #14208] DEBUG -- : REQUESTING PAGE: GET /juego with {} and HTTP headers {"HTTP_REFERER"=>"/inicio"}
D, [2020-06-16T05:20:00.204109 #14208] DEBUG -- : REQUESTING PAGE: GET /juego with {} and HTTP headers {"HTTP_REFERER"=>"/juego"}
D, [2020-06-16T05:20:00.235770 #14208] DEBUG -- : REQUESTING PAGE: GET /inicio with {} and HTTP headers {"HTTP_REFERER"=>"/juego"}
D, [2020-06-16T05:20:00.262686 #14208] DEBUG -- : REQUESTING PAGE: GET /scores with {} and HTTP headers {"HTTP_REFERER"=>"/inicio"}
D, [2020-06-16T05:20:00.417608 #14208] DEBUG -- : REQUESTING PAGE: GET /inicio with {} and HTTP headers {}
D, [2020-06-16T05:20:00.469489 #14208] DEBUG -- : REQUESTING PAGE: POST /inicio with {"nuevoCodigo"=>"12345"} and HTTP headers {"HTTP_REFERER"=>"/inicio"}
D, [2020-06-16T05:20:00.525380 #14208] DEBUG -- : REQUESTING PAGE: GET /juego with {} and HTTP headers {"HTTP_REFERER"=>"/inicio"}
D, [2020-06-16T05:20:00.581907 #14208] DEBUG -- : REQUESTING PAGE: GET /juego with {} and HTTP headers {"HTTP_REFERER"=>"/juego"}
D, [2020-06-16T05:20:54.831004 #14272] DEBUG -- : REQUESTING PAGE: GET / with {} and HTTP headers {}
D, [2020-06-16T05:20:55.232577 #14272] DEBUG -- : REQUESTING PAGE: POST / with {"nombre"=>"mi_nombre"} and HTTP headers {"HTTP_REFERER"=>"/"}
D, [2020-06-16T05:20:55.417362 #14272] DEBUG -- : REQUESTING PAGE: GET /inicio with {} and HTTP headers {}
D, [2020-06-16T05:20:55.450803 #14272] DEBUG -- : REQUESTING PAGE: POST opciones with {} and HTTP headers {"HTTP_REFERER"=>"/inicio"}
D, [2020-06-16T05:20:55.636847 #14272] DEBUG -- : REQUESTING PAGE: GET /inicio with {} and HTTP headers {}
D, [2020-06-16T05:20:55.685305 #14272] DEBUG -- : REQUESTING PAGE: POST /inicio with {"nuevoCodigo"=>"12345"} and HTTP headers {"HTTP_REFERER"=>"/inicio"}
D, [2020-06-16T05:20:55.801349 #14272] DEBUG -- : REQUESTING PAGE: GET /inicio with {} and HTTP headers {}
D, [2020-06-16T05:20:55.858874 #14272] DEBUG -- : REQUESTING PAGE: POST /inicio with {"nuevoCodigo"=>"12345"} and HTTP headers {"HTTP_REFERER"=>"/inicio"}
D, [2020-06-16T05:20:55.910694 #14272] DEBUG -- : REQUESTING PAGE: GET /juego with {} and HTTP headers {"HTTP_REFERER"=>"/inicio"}
D, [2020-06-16T05:20:56.044766 #14272] DEBUG -- : REQUESTING PAGE: GET /inicio with {} and HTTP headers {}
D, [2020-06-16T05:20:56.094130 #14272] DEBUG -- : REQUESTING PAGE: POST /inicio with {"nuevoCodigo"=>"12345"} and HTTP headers {"HTTP_REFERER"=>"/inicio"}
D, [2020-06-16T05:20:56.139714 #14272] DEBUG -- : REQUESTING PAGE: GET /juego with {} and HTTP headers {"HTTP_REFERER"=>"/inicio"}
D, [2020-06-16T05:20:56.198328 #14272] DEBUG -- : REQUESTING PAGE: GET /juego with {} and HTTP headers {"HTTP_REFERER"=>"/juego"}
D, [2020-06-16T05:20:56.228961 #14272] DEBUG -- : REQUESTING PAGE: GET /inicio with {} and HTTP headers {"HTTP_REFERER"=>"/juego"}
D, [2020-06-16T05:20:56.263118 #14272] DEBUG -- : REQUESTING PAGE: GET /scores with {} and HTTP headers {"HTTP_REFERER"=>"/inicio"}
D, [2020-06-16T05:20:56.416141 #14272] DEBUG -- : REQUESTING PAGE: GET /inicio with {} and HTTP headers {}
D, [2020-06-16T05:20:56.468249 #14272] DEBUG -- : REQUESTING PAGE: POST /inicio with {"nuevoCodigo"=>"12345"} and HTTP headers {"HTTP_REFERER"=>"/inicio"}
D, [2020-06-16T05:20:56.534208 #14272] DEBUG -- : REQUESTING PAGE: GET /juego with {} and HTTP headers {"HTTP_REFERER"=>"/inicio"}
D, [2020-06-16T05:20:56.599937 #14272] DEBUG -- : REQUESTING PAGE: GET /juego with {} and HTTP headers {"HTTP_REFERER"=>"/juego"}
D, [2020-06-16T05:21:23.191836 #7444] DEBUG -- : REQUESTING PAGE: GET / with {} and HTTP headers {}
D, [2020-06-16T05:21:23.552027 #7444] DEBUG -- : REQUESTING PAGE: POST / with {"nombre"=>"mi_nombre"} and HTTP headers {"HTTP_REFERER"=>"/"}
D, [2020-06-16T05:21:23.732592 #7444] DEBUG -- : REQUESTING PAGE: GET /inicio with {} and HTTP headers {}
D, [2020-06-16T05:21:23.765208 #7444] DEBUG -- : REQUESTING PAGE: POST opciones with {} and HTTP headers {"HTTP_REFERER"=>"/inicio"}
D, [2020-06-16T05:21:23.974421 #7444] DEBUG -- : REQUESTING PAGE: GET /inicio with {} and HTTP headers {}
D, [2020-06-16T05:21:24.023137 #7444] DEBUG -- : REQUESTING PAGE: POST /inicio with {"nuevoCodigo"=>"12345"} and HTTP headers {"HTTP_REFERER"=>"/inicio"}
D, [2020-06-16T05:21:24.155744 #7444] DEBUG -- : REQUESTING PAGE: GET /inicio with {} and HTTP headers {}
D, [2020-06-16T05:21:24.211547 #7444] DEBUG -- : REQUESTING PAGE: POST /inicio with {"nuevoCodigo"=>"12345"} and HTTP headers {"HTTP_REFERER"=>"/inicio"}
D, [2020-06-16T05:21:24.264663 #7444] DEBUG -- : REQUESTING PAGE: GET /juego with {} and HTTP headers {"HTTP_REFERER"=>"/inicio"}
D, [2020-06-16T05:21:24.428601 #7444] DEBUG -- : REQUESTING PAGE: GET /inicio with {} and HTTP headers {}
D, [2020-06-16T05:21:24.485338 #7444] DEBUG -- : REQUESTING PAGE: POST /inicio with {"nuevoCodigo"=>"12345"} and HTTP headers {"HTTP_REFERER"=>"/inicio"}
D, [2020-06-16T05:21:24.539243 #7444] DEBUG -- : REQUESTING PAGE: GET /juego with {} and HTTP headers {"HTTP_REFERER"=>"/inicio"}
D, [2020-06-16T05:21:24.601974 #7444] DEBUG -- : REQUESTING PAGE: GET /juego with {} and HTTP headers {"HTTP_REFERER"=>"/juego"}
D, [2020-06-16T05:21:24.640668 #7444] DEBUG -- : REQUESTING PAGE: GET /inicio with {} and HTTP headers {"HTTP_REFERER"=>"/juego"}
D, [2020-06-16T05:21:24.681538 #7444] DEBUG -- : REQUESTING PAGE: GET /scores with {} and HTTP headers {"HTTP_REFERER"=>"/inicio"}
D, [2020-06-16T05:21:24.804174 #7444] DEBUG -- : REQUESTING PAGE: GET /inicio with {} and HTTP headers {}
D, [2020-06-16T05:21:24.854078 #7444] DEBUG -- : REQUESTING PAGE: POST /inicio with {"nuevoCodigo"=>"12345"} and HTTP headers {"HTTP_REFERER"=>"/inicio"}
D, [2020-06-16T05:21:24.920709 #7444] DEBUG -- : REQUESTING PAGE: GET /juego with {} and HTTP headers {"HTTP_REFERER"=>"/inicio"}
D, [2020-06-16T05:21:24.976022 #7444] DEBUG -- : REQUESTING PAGE: GET /juego with {} and HTTP headers {"HTTP_REFERER"=>"/juego"}
D, [2020-06-16T05:23:18.637047 #2808] DEBUG -- : REQUESTING PAGE: GET / with {} and HTTP headers {}
D, [2020-06-16T05:23:18.986800 #2808] DEBUG -- : REQUESTING PAGE: POST / with {"nombre"=>"mi_nombre"} and HTTP headers {"HTTP_REFERER"=>"/"}
D, [2020-06-16T05:23:19.189655 #2808] DEBUG -- : REQUESTING PAGE: GET /inicio with {} and HTTP headers {}
D, [2020-06-16T05:23:19.222209 #2808] DEBUG -- : REQUESTING PAGE: POST opciones with {} and HTTP headers {"HTTP_REFERER"=>"/inicio"}
D, [2020-06-16T05:23:19.439043 #2808] DEBUG -- : REQUESTING PAGE: GET /inicio with {} and HTTP headers {}
D, [2020-06-16T05:23:19.488286 #2808] DEBUG -- : REQUESTING PAGE: POST /inicio with {"nuevoCodigo"=>"12345"} and HTTP headers {"HTTP_REFERER"=>"/inicio"}
D, [2020-06-16T05:23:19.604584 #2808] DEBUG -- : REQUESTING PAGE: GET /inicio with {} and HTTP headers {}
D, [2020-06-16T05:23:19.654030 #2808] DEBUG -- : REQUESTING PAGE: POST /inicio with {"nuevoCodigo"=>"12345"} and HTTP headers {"HTTP_REFERER"=>"/inicio"}
D, [2020-06-16T05:23:19.699394 #2808] DEBUG -- : REQUESTING PAGE: GET /juego with {} and HTTP headers {"HTTP_REFERER"=>"/inicio"}
D, [2020-06-16T05:23:19.832998 #2808] DEBUG -- : REQUESTING PAGE: GET /inicio with {} and HTTP headers {}
D, [2020-06-16T05:23:19.877351 #2808] DEBUG -- : REQUESTING PAGE: POST /inicio with {"nuevoCodigo"=>"12345"} and HTTP headers {"HTTP_REFERER"=>"/inicio"}
D, [2020-06-16T05:23:19.928479 #2808] DEBUG -- : REQUESTING PAGE: GET /juego with {} and HTTP headers {"HTTP_REFERER"=>"/inicio"}
D, [2020-06-16T05:23:19.990115 #2808] DEBUG -- : REQUESTING PAGE: GET /juego with {} and HTTP headers {"HTTP_REFERER"=>"/juego"}
D, [2020-06-16T05:23:20.023691 #2808] DEBUG -- : REQUESTING PAGE: GET /inicio with {} and HTTP headers {"HTTP_REFERER"=>"/juego"}
D, [2020-06-16T05:23:20.053106 #2808] DEBUG -- : REQUESTING PAGE: GET /scores with {} and HTTP headers {"HTTP_REFERER"=>"/inicio"}
D, [2020-06-16T05:23:20.172524 #2808] DEBUG -- : REQUESTING PAGE: GET /inicio with {} and HTTP headers {}
D, [2020-06-16T05:23:20.223983 #2808] DEBUG -- : REQUESTING PAGE: POST /inicio with {"nuevoCodigo"=>"12345"} and HTTP headers {"HTTP_REFERER"=>"/inicio"}
D, [2020-06-16T05:23:20.284751 #2808] DEBUG -- : REQUESTING PAGE: GET /juego with {} and HTTP headers {"HTTP_REFERER"=>"/inicio"}
D, [2020-06-16T05:23:20.344414 #2808] DEBUG -- : REQUESTING PAGE: GET /juego with {} and HTTP headers {"HTTP_REFERER"=>"/juego"}
